[05-Dec-2023 06:15:36 UTC] woocommerce_get_price is deprecated since version 3.0.0! Use woocommerce_product_get_price instead.
[05-Dec-2023 06:15:36 UTC] PHP Warning:  A non-numeric value encountered in /opt/lampp/htdocs/finbud/wp-content/plugins/product-discount/public/class-product-discount-public.php on line 108
[05-Dec-2023 06:15:36 UTC] PHP Notice:  A non well formed numeric value encountered in /opt/lampp/htdocs/finbud/wp-content/plugins/product-discount/public/class-product-discount-public.php on line 109
[05-Dec-2023 06:15:36 UTC] woocommerce_get_price is deprecated since version 3.0.0! Use woocommerce_product_get_price instead.
[05-Dec-2023 06:15:36 UTC] PHP Warning:  A non-numeric value encountered in /opt/lampp/htdocs/finbud/wp-content/plugins/product-discount/public/class-product-discount-public.php on line 108
[05-Dec-2023 06:15:36 UTC] PHP Notice:  A non well formed numeric value encountered in /opt/lampp/htdocs/finbud/wp-content/plugins/product-discount/public/class-product-discount-public.php on line 109
[05-Dec-2023 06:15:42 UTC] woocommerce_get_price is deprecated since version 3.0.0! Use woocommerce_product_get_price instead.
[05-Dec-2023 06:15:42 UTC] PHP Warning:  A non-numeric value encountered in /opt/lampp/htdocs/finbud/wp-content/plugins/product-discount/public/class-product-discount-public.php on line 108
[05-Dec-2023 06:15:42 UTC] PHP Notice:  A non well formed numeric value encountered in /opt/lampp/htdocs/finbud/wp-content/plugins/product-discount/public/class-product-discount-public.php on line 109
[05-Dec-2023 06:15:42 UTC] woocommerce_get_price is deprecated since version 3.0.0! Use woocommerce_product_get_price instead.
[05-Dec-2023 06:15:42 UTC] PHP Warning:  A non-numeric value encountered in /opt/lampp/htdocs/finbud/wp-content/plugins/product-discount/public/class-product-discount-public.php on line 108
[05-Dec-2023 06:15:42 UTC] PHP Notice:  A non well formed numeric value encountered in /opt/lampp/htdocs/finbud/wp-content/plugins/product-discount/public/class-product-discount-public.php on line 109
[05-Dec-2023 06:16:07 UTC] PHP Deprecated:  Function screen_icon is deprecated since version 3.8.0 with no alternative available. in /opt/lampp/htdocs/finbud/wp-includes/functions.php on line 6031
[05-Dec-2023 06:16:07 UTC] PHP Deprecated:  Function get_screen_icon is deprecated since version 3.8.0 with no alternative available. in /opt/lampp/htdocs/finbud/wp-includes/functions.php on line 6031
[05-Dec-2023 06:16:10 UTC] woocommerce_get_price is deprecated since version 3.0.0! Use woocommerce_product_get_price instead.
[05-Dec-2023 06:16:10 UTC] PHP Warning:  A non-numeric value encountered in /opt/lampp/htdocs/finbud/wp-content/plugins/product-discount/public/class-product-discount-public.php on line 108
[05-Dec-2023 06:16:10 UTC] PHP Notice:  A non well formed numeric value encountered in /opt/lampp/htdocs/finbud/wp-content/plugins/product-discount/public/class-product-discount-public.php on line 109
[05-Dec-2023 06:16:10 UTC] woocommerce_get_price is deprecated since version 3.0.0! Use woocommerce_product_get_price instead.
[05-Dec-2023 06:16:10 UTC] PHP Warning:  A non-numeric value encountered in /opt/lampp/htdocs/finbud/wp-content/plugins/product-discount/public/class-product-discount-public.php on line 108
[05-Dec-2023 06:16:10 UTC] PHP Notice:  A non well formed numeric value encountered in /opt/lampp/htdocs/finbud/wp-content/plugins/product-discount/public/class-product-discount-public.php on line 109
[05-Dec-2023 06:16:15 UTC] woocommerce_get_price is deprecated since version 3.0.0! Use woocommerce_product_get_price instead.
[05-Dec-2023 06:16:15 UTC] PHP Warning:  A non-numeric value encountered in /opt/lampp/htdocs/finbud/wp-content/plugins/product-discount/public/class-product-discount-public.php on line 108
[05-Dec-2023 06:16:15 UTC] PHP Notice:  A non well formed numeric value encountered in /opt/lampp/htdocs/finbud/wp-content/plugins/product-discount/public/class-product-discount-public.php on line 109
[05-Dec-2023 06:16:15 UTC] woocommerce_get_price is deprecated since version 3.0.0! Use woocommerce_product_get_price instead.
[05-Dec-2023 06:16:15 UTC] PHP Warning:  A non-numeric value encountered in /opt/lampp/htdocs/finbud/wp-content/plugins/product-discount/public/class-product-discount-public.php on line 108
[05-Dec-2023 06:16:15 UTC] PHP Notice:  A non well formed numeric value encountered in /opt/lampp/htdocs/finbud/wp-content/plugins/product-discount/public/class-product-discount-public.php on line 109
[05-Dec-2023 06:16:59 UTC] woocommerce_get_price is deprecated since version 3.0.0! Use woocommerce_product_get_price instead.
[05-Dec-2023 06:16:59 UTC] PHP Warning:  A non-numeric value encountered in /opt/lampp/htdocs/finbud/wp-content/plugins/product-discount/public/class-product-discount-public.php on line 108
[05-Dec-2023 06:16:59 UTC] PHP Notice:  A non well formed numeric value encountered in /opt/lampp/htdocs/finbud/wp-content/plugins/product-discount/public/class-product-discount-public.php on line 109
[05-Dec-2023 06:16:59 UTC] woocommerce_get_price is deprecated since version 3.0.0! Use woocommerce_product_get_price instead.
[05-Dec-2023 06:16:59 UTC] PHP Warning:  A non-numeric value encountered in /opt/lampp/htdocs/finbud/wp-content/plugins/product-discount/public/class-product-discount-public.php on line 108
[05-Dec-2023 06:16:59 UTC] PHP Notice:  A non well formed numeric value encountered in /opt/lampp/htdocs/finbud/wp-content/plugins/product-discount/public/class-product-discount-public.php on line 109
[05-Dec-2023 06:17:08 UTC] woocommerce_get_price is deprecated since version 3.0.0! Use woocommerce_product_get_price instead.
[05-Dec-2023 06:17:08 UTC] PHP Warning:  A non-numeric value encountered in /opt/lampp/htdocs/finbud/wp-content/plugins/product-discount/public/class-product-discount-public.php on line 108
[05-Dec-2023 06:17:08 UTC] PHP Notice:  A non well formed numeric value encountered in /opt/lampp/htdocs/finbud/wp-content/plugins/product-discount/public/class-product-discount-public.php on line 109
[05-Dec-2023 06:17:08 UTC] woocommerce_get_price is deprecated since version 3.0.0! Use woocommerce_product_get_price instead.
[05-Dec-2023 06:17:08 UTC] PHP Warning:  A non-numeric value encountered in /opt/lampp/htdocs/finbud/wp-content/plugins/product-discount/public/class-product-discount-public.php on line 108
[05-Dec-2023 06:17:08 UTC] PHP Notice:  A non well formed numeric value encountered in /opt/lampp/htdocs/finbud/wp-content/plugins/product-discount/public/class-product-discount-public.php on line 109
[05-Dec-2023 06:18:04 UTC] PHP Deprecated:  Hook woocommerce_get_price is deprecated since version 3.0.0! Use woocommerce_product_get_price instead. in /opt/lampp/htdocs/finbud/wp-includes/functions.php on line 6031
[05-Dec-2023 06:18:08 UTC] woocommerce_get_price is deprecated since version 3.0.0! Use woocommerce_product_get_price instead.
[05-Dec-2023 06:18:09 UTC] woocommerce_get_price is deprecated since version 3.0.0! Use woocommerce_product_get_price instead.
[05-Dec-2023 06:19:01 UTC] woocommerce_get_price is deprecated since version 3.0.0! Use woocommerce_product_get_price instead.
[05-Dec-2023 06:20:08 UTC] woocommerce_get_price is deprecated since version 3.0.0! Use woocommerce_product_get_price instead.
[05-Dec-2023 06:20:09 UTC] woocommerce_get_price is deprecated since version 3.0.0! Use woocommerce_product_get_price instead.
[05-Dec-2023 06:20:24 UTC] PHP Deprecated:  Hook woocommerce_get_price is deprecated since version 3.0.0! Use woocommerce_product_get_price instead. in /opt/lampp/htdocs/finbud/wp-includes/functions.php on line 6031
[05-Dec-2023 06:20:24 UTC] PHP Warning:  A non-numeric value encountered in /opt/lampp/htdocs/finbud/wp-content/plugins/product-discount/public/class-product-discount-public.php on line 108
[05-Dec-2023 06:20:24 UTC] PHP Notice:  A non well formed numeric value encountered in /opt/lampp/htdocs/finbud/wp-content/plugins/product-discount/public/class-product-discount-public.php on line 109
[05-Dec-2023 06:20:24 UTC] PHP Deprecated:  Hook woocommerce_get_price is deprecated since version 3.0.0! Use woocommerce_product_get_price instead. in /opt/lampp/htdocs/finbud/wp-includes/functions.php on line 6031
[05-Dec-2023 06:20:24 UTC] PHP Warning:  A non-numeric value encountered in /opt/lampp/htdocs/finbud/wp-content/plugins/product-discount/public/class-product-discount-public.php on line 108
[05-Dec-2023 06:20:24 UTC] PHP Notice:  A non well formed numeric value encountered in /opt/lampp/htdocs/finbud/wp-content/plugins/product-discount/public/class-product-discount-public.php on line 109
[05-Dec-2023 06:20:25 UTC] PHP Deprecated:  Hook woocommerce_get_price is deprecated since version 3.0.0! Use woocommerce_product_get_price instead. in /opt/lampp/htdocs/finbud/wp-includes/functions.php on line 6031
[05-Dec-2023 06:20:25 UTC] PHP Warning:  A non-numeric value encountered in /opt/lampp/htdocs/finbud/wp-content/plugins/product-discount/public/class-product-discount-public.php on line 108
[05-Dec-2023 06:20:25 UTC] PHP Notice:  A non well formed numeric value encountered in /opt/lampp/htdocs/finbud/wp-content/plugins/product-discount/public/class-product-discount-public.php on line 109
[05-Dec-2023 06:20:25 UTC] PHP Deprecated:  Hook woocommerce_get_price is deprecated since version 3.0.0! Use woocommerce_product_get_price instead. in /opt/lampp/htdocs/finbud/wp-includes/functions.php on line 6031
[05-Dec-2023 06:20:25 UTC] PHP Warning:  A non-numeric value encountered in /opt/lampp/htdocs/finbud/wp-content/plugins/product-discount/public/class-product-discount-public.php on line 108
[05-Dec-2023 06:20:25 UTC] PHP Notice:  A non well formed numeric value encountered in /opt/lampp/htdocs/finbud/wp-content/plugins/product-discount/public/class-product-discount-public.php on line 109
[05-Dec-2023 06:20:25 UTC] PHP Notice:  Undefined variable: post in /opt/lampp/htdocs/finbud/wp-content/themes/finbubs/functions.php on line 804
[05-Dec-2023 06:20:25 UTC] PHP Notice:  Trying to access array offset on value of type null in /opt/lampp/htdocs/finbud/wp-content/themes/finbubs/functions.php on line 804
[05-Dec-2023 06:20:25 UTC] PHP Deprecated:  Hook woocommerce_get_price is deprecated since version 3.0.0! Use woocommerce_product_get_price instead. in /opt/lampp/htdocs/finbud/wp-includes/functions.php on line 6031
[05-Dec-2023 06:20:25 UTC] PHP Warning:  A non-numeric value encountered in /opt/lampp/htdocs/finbud/wp-content/plugins/product-discount/public/class-product-discount-public.php on line 108
[05-Dec-2023 06:20:25 UTC] PHP Notice:  A non well formed numeric value encountered in /opt/lampp/htdocs/finbud/wp-content/plugins/product-discount/public/class-product-discount-public.php on line 109
[05-Dec-2023 06:20:25 UTC] PHP Notice:  Undefined variable: val in /opt/lampp/htdocs/finbud/wp-content/themes/finbubs/functions.php on line 364
[05-Dec-2023 06:20:25 UTC] PHP Notice:  Function id was called incorrectly. Product properties should not be accessed directly. Backtrace: require('wp-blog-header.php'), require_once('wp-includes/template-loader.php'), include('/themes/finbubs/page.php'), get_template_part, locate_template, load_template, require('/themes/finbubs/template-parts/content-page.php'), the_content, apply_filters('the_content'), WP_Hook-&gt;apply_filters, WC_Template_Loader::unsupported_theme_shop_content_filter, WC_Shortcode_Products-&gt;get_content, WC_Shortcode_Products-&gt;product_loop, wc_get_template_part, load_template, require('/themes/finbubs/woocommerce/content-product.php'), do_action('woocommerce_before_shop_loop_item_title'), WP_Hook-&gt;do_action, WP_Hook-&gt;apply_filters, shop_title, WC_Abstract_Legacy_Product-&gt;__get, wc_doing_it_wrong Please see <a>Debugging in WordPress</a> for more information. (This message was added in version 3.0.) in /opt/lampp/htdocs/finbud/wp-includes/functions.php on line 6031
[05-Dec-2023 06:20:25 UTC] PHP Notice:  Function regular_price was called incorrectly. Product properties should not be accessed directly. Backtrace: require('wp-blog-header.php'), require_once('wp-includes/template-loader.php'), include('/themes/finbubs/page.php'), get_template_part, locate_template, load_template, require('/themes/finbubs/template-parts/content-page.php'), the_content, apply_filters('the_content'), WP_Hook-&gt;apply_filters, WC_Template_Loader::unsupported_theme_shop_content_filter, WC_Shortcode_Products-&gt;get_content, WC_Shortcode_Products-&gt;product_loop, wc_get_template_part, load_template, require('/themes/finbubs/woocommerce/content-product.php'), do_action('woocommerce_before_shop_loop_item_title'), WP_Hook-&gt;do_action, WP_Hook-&gt;apply_filters, shop_title, WC_Abstract_Legacy_Product-&gt;__get, wc_doing_it_wrong Please see <a>Debugging in WordPress</a> for more information. (This message was added in version 3.0.) in /opt/lampp/htdocs/finbud/wp-includes/functions.php on line 6031
[05-Dec-2023 06:20:25 UTC] PHP Notice:  Function price was called incorrectly. Product properties should not be accessed directly. Backtrace: require('wp-blog-header.php'), require_once('wp-includes/template-loader.php'), include('/themes/finbubs/page.php'), get_template_part, locate_template, load_template, require('/themes/finbubs/template-parts/content-page.php'), the_content, apply_filters('the_content'), WP_Hook-&gt;apply_filters, WC_Template_Loader::unsupported_theme_shop_content_filter, WC_Shortcode_Products-&gt;get_content, WC_Shortcode_Products-&gt;product_loop, wc_get_template_part, load_template, require('/themes/finbubs/woocommerce/content-product.php'), do_action('woocommerce_before_shop_loop_item_title'), WP_Hook-&gt;do_action, WP_Hook-&gt;apply_filters, shop_title, WC_Abstract_Legacy_Product-&gt;__get, wc_doing_it_wrong Please see <a>Debugging in WordPress</a> for more information. (This message was added in version 3.0.) in /opt/lampp/htdocs/finbud/wp-includes/functions.php on line 6031
[05-Dec-2023 06:20:25 UTC] PHP Deprecated:  Hook woocommerce_get_price is deprecated since version 3.0.0! Use woocommerce_product_get_price instead. in /opt/lampp/htdocs/finbud/wp-includes/functions.php on line 6031
[05-Dec-2023 06:20:25 UTC] PHP Warning:  A non-numeric value encountered in /opt/lampp/htdocs/finbud/wp-content/plugins/product-discount/public/class-product-discount-public.php on line 108
[05-Dec-2023 06:20:25 UTC] PHP Notice:  A non well formed numeric value encountered in /opt/lampp/htdocs/finbud/wp-content/plugins/product-discount/public/class-product-discount-public.php on line 109
[05-Dec-2023 06:20:25 UTC] PHP Notice:  Trying to access array offset on value of type null in /opt/lampp/htdocs/finbud/wp-content/themes/finbubs/functions.php on line 394
[05-Dec-2023 06:20:25 UTC] PHP Notice:  Trying to access array offset on value of type null in /opt/lampp/htdocs/finbud/wp-content/themes/finbubs/functions.php on line 395
[05-Dec-2023 06:20:25 UTC] PHP Notice:  Undefined variable: link_target in /opt/lampp/htdocs/finbud/wp-content/themes/finbubs/functions.php on line 397
[05-Dec-2023 06:20:25 UTC] PHP Notice:  Undefined variable: val in /opt/lampp/htdocs/finbud/wp-content/themes/finbubs/functions.php on line 406
[05-Dec-2023 06:20:25 UTC] PHP Deprecated:  Hook woocommerce_get_price is deprecated since version 3.0.0! Use woocommerce_product_get_price instead. in /opt/lampp/htdocs/finbud/wp-includes/functions.php on line 6031
[05-Dec-2023 06:20:25 UTC] PHP Warning:  A non-numeric value encountered in /opt/lampp/htdocs/finbud/wp-content/plugins/product-discount/public/class-product-discount-public.php on line 108
[05-Dec-2023 06:20:25 UTC] PHP Notice:  A non well formed numeric value encountered in /opt/lampp/htdocs/finbud/wp-content/plugins/product-discount/public/class-product-discount-public.php on line 109
[05-Dec-2023 06:20:25 UTC] PHP Notice:  Undefined variable: val in /opt/lampp/htdocs/finbud/wp-content/themes/finbubs/functions.php on line 364
[05-Dec-2023 06:20:25 UTC] PHP Notice:  Function id was called incorrectly. Product properties should not be accessed directly. Backtrace: require('wp-blog-header.php'), require_once('wp-includes/template-loader.php'), include('/themes/finbubs/page.php'), get_template_part, locate_template, load_template, require('/themes/finbubs/template-parts/content-page.php'), the_content, apply_filters('the_content'), WP_Hook-&gt;apply_filters, WC_Template_Loader::unsupported_theme_shop_content_filter, WC_Shortcode_Products-&gt;get_content, WC_Shortcode_Products-&gt;product_loop, wc_get_template_part, load_template, require('/themes/finbubs/woocommerce/content-product.php'), do_action('woocommerce_before_shop_loop_item_title'), WP_Hook-&gt;do_action, WP_Hook-&gt;apply_filters, shop_title, WC_Abstract_Legacy_Product-&gt;__get, wc_doing_it_wrong Please see <a>Debugging in WordPress</a> for more information. (This message was added in version 3.0.) in /opt/lampp/htdocs/finbud/wp-includes/functions.php on line 6031
[05-Dec-2023 06:20:25 UTC] PHP Notice:  Function regular_price was called incorrectly. Product properties should not be accessed directly. Backtrace: require('wp-blog-header.php'), require_once('wp-includes/template-loader.php'), include('/themes/finbubs/page.php'), get_template_part, locate_template, load_template, require('/themes/finbubs/template-parts/content-page.php'), the_content, apply_filters('the_content'), WP_Hook-&gt;apply_filters, WC_Template_Loader::unsupported_theme_shop_content_filter, WC_Shortcode_Products-&gt;get_content, WC_Shortcode_Products-&gt;product_loop, wc_get_template_part, load_template, require('/themes/finbubs/woocommerce/content-product.php'), do_action('woocommerce_before_shop_loop_item_title'), WP_Hook-&gt;do_action, WP_Hook-&gt;apply_filters, shop_title, WC_Abstract_Legacy_Product-&gt;__get, wc_doing_it_wrong Please see <a>Debugging in WordPress</a> for more information. (This message was added in version 3.0.) in /opt/lampp/htdocs/finbud/wp-includes/functions.php on line 6031
[05-Dec-2023 06:20:25 UTC] PHP Notice:  Function price was called incorrectly. Product properties should not be accessed directly. Backtrace: require('wp-blog-header.php'), require_once('wp-includes/template-loader.php'), include('/themes/finbubs/page.php'), get_template_part, locate_template, load_template, require('/themes/finbubs/template-parts/content-page.php'), the_content, apply_filters('the_content'), WP_Hook-&gt;apply_filters, WC_Template_Loader::unsupported_theme_shop_content_filter, WC_Shortcode_Products-&gt;get_content, WC_Shortcode_Products-&gt;product_loop, wc_get_template_part, load_template, require('/themes/finbubs/woocommerce/content-product.php'), do_action('woocommerce_before_shop_loop_item_title'), WP_Hook-&gt;do_action, WP_Hook-&gt;apply_filters, shop_title, WC_Abstract_Legacy_Product-&gt;__get, wc_doing_it_wrong Please see <a>Debugging in WordPress</a> for more information. (This message was added in version 3.0.) in /opt/lampp/htdocs/finbud/wp-includes/functions.php on line 6031
[05-Dec-2023 06:20:25 UTC] PHP Deprecated:  Hook woocommerce_get_price is deprecated since version 3.0.0! Use woocommerce_product_get_price instead. in /opt/lampp/htdocs/finbud/wp-includes/functions.php on line 6031
[05-Dec-2023 06:20:25 UTC] PHP Warning:  A non-numeric value encountered in /opt/lampp/htdocs/finbud/wp-content/plugins/product-discount/public/class-product-discount-public.php on line 108
[05-Dec-2023 06:20:25 UTC] PHP Notice:  A non well formed numeric value encountered in /opt/lampp/htdocs/finbud/wp-content/plugins/product-discount/public/class-product-discount-public.php on line 109
[05-Dec-2023 06:20:25 UTC] PHP Notice:  Trying to access array offset on value of type null in /opt/lampp/htdocs/finbud/wp-content/themes/finbubs/functions.php on line 394
[05-Dec-2023 06:20:25 UTC] PHP Notice:  Trying to access array offset on value of type null in /opt/lampp/htdocs/finbud/wp-content/themes/finbubs/functions.php on line 395
[05-Dec-2023 06:20:25 UTC] PHP Notice:  Undefined variable: link_target in /opt/lampp/htdocs/finbud/wp-content/themes/finbubs/functions.php on line 397
[05-Dec-2023 06:20:25 UTC] PHP Notice:  Undefined variable: val in /opt/lampp/htdocs/finbud/wp-content/themes/finbubs/functions.php on line 406
[05-Dec-2023 06:20:25 UTC] PHP Deprecated:  Hook woocommerce_get_price is deprecated since version 3.0.0! Use woocommerce_product_get_price instead. in /opt/lampp/htdocs/finbud/wp-includes/functions.php on line 6031
[05-Dec-2023 06:20:25 UTC] PHP Warning:  A non-numeric value encountered in /opt/lampp/htdocs/finbud/wp-content/plugins/product-discount/public/class-product-discount-public.php on line 108
[05-Dec-2023 06:20:25 UTC] PHP Notice:  A non well formed numeric value encountered in /opt/lampp/htdocs/finbud/wp-content/plugins/product-discount/public/class-product-discount-public.php on line 109
[05-Dec-2023 06:20:25 UTC] PHP Notice:  Undefined variable: val in /opt/lampp/htdocs/finbud/wp-content/themes/finbubs/functions.php on line 364
[05-Dec-2023 06:20:25 UTC] PHP Notice:  Function id was called incorrectly. Product properties should not be accessed directly. Backtrace: require('wp-blog-header.php'), require_once('wp-includes/template-loader.php'), include('/themes/finbubs/page.php'), get_template_part, locate_template, load_template, require('/themes/finbubs/template-parts/content-page.php'), the_content, apply_filters('the_content'), WP_Hook-&gt;apply_filters, WC_Template_Loader::unsupported_theme_shop_content_filter, WC_Shortcode_Products-&gt;get_content, WC_Shortcode_Products-&gt;product_loop, wc_get_template_part, load_template, require('/themes/finbubs/woocommerce/content-product.php'), do_action('woocommerce_before_shop_loop_item_title'), WP_Hook-&gt;do_action, WP_Hook-&gt;apply_filters, shop_title, WC_Abstract_Legacy_Product-&gt;__get, wc_doing_it_wrong Please see <a>Debugging in WordPress</a> for more information. (This message was added in version 3.0.) in /opt/lampp/htdocs/finbud/wp-includes/functions.php on line 6031
[05-Dec-2023 06:20:25 UTC] PHP Notice:  Function regular_price was called incorrectly. Product properties should not be accessed directly. Backtrace: require('wp-blog-header.php'), require_once('wp-includes/template-loader.php'), include('/themes/finbubs/page.php'), get_template_part, locate_template, load_template, require('/themes/finbubs/template-parts/content-page.php'), the_content, apply_filters('the_content'), WP_Hook-&gt;apply_filters, WC_Template_Loader::unsupported_theme_shop_content_filter, WC_Shortcode_Products-&gt;get_content, WC_Shortcode_Products-&gt;product_loop, wc_get_template_part, load_template, require('/themes/finbubs/woocommerce/content-product.php'), do_action('woocommerce_before_shop_loop_item_title'), WP_Hook-&gt;do_action, WP_Hook-&gt;apply_filters, shop_title, WC_Abstract_Legacy_Product-&gt;__get, wc_doing_it_wrong Please see <a>Debugging in WordPress</a> for more information. (This message was added in version 3.0.) in /opt/lampp/htdocs/finbud/wp-includes/functions.php on line 6031
[05-Dec-2023 06:20:25 UTC] PHP Notice:  Function price was called incorrectly. Product properties should not be accessed directly. Backtrace: require('wp-blog-header.php'), require_once('wp-includes/template-loader.php'), include('/themes/finbubs/page.php'), get_template_part, locate_template, load_template, require('/themes/finbubs/template-parts/content-page.php'), the_content, apply_filters('the_content'), WP_Hook-&gt;apply_filters, WC_Template_Loader::unsupported_theme_shop_content_filter, WC_Shortcode_Products-&gt;get_content, WC_Shortcode_Products-&gt;product_loop, wc_get_template_part, load_template, require('/themes/finbubs/woocommerce/content-product.php'), do_action('woocommerce_before_shop_loop_item_title'), WP_Hook-&gt;do_action, WP_Hook-&gt;apply_filters, shop_title, WC_Abstract_Legacy_Product-&gt;__get, wc_doing_it_wrong Please see <a>Debugging in WordPress</a> for more information. (This message was added in version 3.0.) in /opt/lampp/htdocs/finbud/wp-includes/functions.php on line 6031
[05-Dec-2023 06:20:25 UTC] PHP Deprecated:  Hook woocommerce_get_price is deprecated since version 3.0.0! Use woocommerce_product_get_price instead. in /opt/lampp/htdocs/finbud/wp-includes/functions.php on line 6031
[05-Dec-2023 06:20:25 UTC] PHP Warning:  A non-numeric value encountered in /opt/lampp/htdocs/finbud/wp-content/plugins/product-discount/public/class-product-discount-public.php on line 108
[05-Dec-2023 06:20:25 UTC] PHP Notice:  A non well formed numeric value encountered in /opt/lampp/htdocs/finbud/wp-content/plugins/product-discount/public/class-product-discount-public.php on line 109
[05-Dec-2023 06:20:25 UTC] PHP Notice:  Trying to access array offset on value of type null in /opt/lampp/htdocs/finbud/wp-content/themes/finbubs/functions.php on line 394
[05-Dec-2023 06:20:25 UTC] PHP Notice:  Trying to access array offset on value of type null in /opt/lampp/htdocs/finbud/wp-content/themes/finbubs/functions.php on line 395
[05-Dec-2023 06:20:25 UTC] PHP Notice:  Undefined variable: link_target in /opt/lampp/htdocs/finbud/wp-content/themes/finbubs/functions.php on line 397
[05-Dec-2023 06:20:25 UTC] PHP Notice:  Undefined variable: val in /opt/lampp/htdocs/finbud/wp-content/themes/finbubs/functions.php on line 406
[05-Dec-2023 06:20:25 UTC] PHP Deprecated:  Hook woocommerce_get_price is deprecated since version 3.0.0! Use woocommerce_product_get_price instead. in /opt/lampp/htdocs/finbud/wp-includes/functions.php on line 6031
[05-Dec-2023 06:20:25 UTC] PHP Warning:  A non-numeric value encountered in /opt/lampp/htdocs/finbud/wp-content/plugins/product-discount/public/class-product-discount-public.php on line 108
[05-Dec-2023 06:20:25 UTC] PHP Notice:  A non well formed numeric value encountered in /opt/lampp/htdocs/finbud/wp-content/plugins/product-discount/public/class-product-discount-public.php on line 109
[05-Dec-2023 06:20:25 UTC] PHP Notice:  Undefined variable: val in /opt/lampp/htdocs/finbud/wp-content/themes/finbubs/functions.php on line 364
[05-Dec-2023 06:20:25 UTC] PHP Notice:  Function id was called incorrectly. Product properties should not be accessed directly. Backtrace: require('wp-blog-header.php'), require_once('wp-includes/template-loader.php'), include('/themes/finbubs/page.php'), get_template_part, locate_template, load_template, require('/themes/finbubs/template-parts/content-page.php'), the_content, apply_filters('the_content'), WP_Hook-&gt;apply_filters, WC_Template_Loader::unsupported_theme_shop_content_filter, WC_Shortcode_Products-&gt;get_content, WC_Shortcode_Products-&gt;product_loop, wc_get_template_part, load_template, require('/themes/finbubs/woocommerce/content-product.php'), do_action('woocommerce_before_shop_loop_item_title'), WP_Hook-&gt;do_action, WP_Hook-&gt;apply_filters, shop_title, WC_Abstract_Legacy_Product-&gt;__get, wc_doing_it_wrong Please see <a>Debugging in WordPress</a> for more information. (This message was added in version 3.0.) in /opt/lampp/htdocs/finbud/wp-includes/functions.php on line 6031
[05-Dec-2023 06:20:25 UTC] PHP Notice:  Function regular_price was called incorrectly. Product properties should not be accessed directly. Backtrace: require('wp-blog-header.php'), require_once('wp-includes/template-loader.php'), include('/themes/finbubs/page.php'), get_template_part, locate_template, load_template, require('/themes/finbubs/template-parts/content-page.php'), the_content, apply_filters('the_content'), WP_Hook-&gt;apply_filters, WC_Template_Loader::unsupported_theme_shop_content_filter, WC_Shortcode_Products-&gt;get_content, WC_Shortcode_Products-&gt;product_loop, wc_get_template_part, load_template, require('/themes/finbubs/woocommerce/content-product.php'), do_action('woocommerce_before_shop_loop_item_title'), WP_Hook-&gt;do_action, WP_Hook-&gt;apply_filters, shop_title, WC_Abstract_Legacy_Product-&gt;__get, wc_doing_it_wrong Please see <a>Debugging in WordPress</a> for more information. (This message was added in version 3.0.) in /opt/lampp/htdocs/finbud/wp-includes/functions.php on line 6031
[05-Dec-2023 06:20:25 UTC] PHP Notice:  Function price was called incorrectly. Product properties should not be accessed directly. Backtrace: require('wp-blog-header.php'), require_once('wp-includes/template-loader.php'), include('/themes/finbubs/page.php'), get_template_part, locate_template, load_template, require('/themes/finbubs/template-parts/content-page.php'), the_content, apply_filters('the_content'), WP_Hook-&gt;apply_filters, WC_Template_Loader::unsupported_theme_shop_content_filter, WC_Shortcode_Products-&gt;get_content, WC_Shortcode_Products-&gt;product_loop, wc_get_template_part, load_template, require('/themes/finbubs/woocommerce/content-product.php'), do_action('woocommerce_before_shop_loop_item_title'), WP_Hook-&gt;do_action, WP_Hook-&gt;apply_filters, shop_title, WC_Abstract_Legacy_Product-&gt;__get, wc_doing_it_wrong Please see <a>Debugging in WordPress</a> for more information. (This message was added in version 3.0.) in /opt/lampp/htdocs/finbud/wp-includes/functions.php on line 6031
[05-Dec-2023 06:20:25 UTC] PHP Deprecated:  Hook woocommerce_get_price is deprecated since version 3.0.0! Use woocommerce_product_get_price instead. in /opt/lampp/htdocs/finbud/wp-includes/functions.php on line 6031
[05-Dec-2023 06:20:25 UTC] PHP Warning:  A non-numeric value encountered in /opt/lampp/htdocs/finbud/wp-content/plugins/product-discount/public/class-product-discount-public.php on line 108
[05-Dec-2023 06:20:25 UTC] PHP Notice:  A non well formed numeric value encountered in /opt/lampp/htdocs/finbud/wp-content/plugins/product-discount/public/class-product-discount-public.php on line 109
[05-Dec-2023 06:20:25 UTC] PHP Notice:  Trying to access array offset on value of type null in /opt/lampp/htdocs/finbud/wp-content/themes/finbubs/functions.php on line 394
[05-Dec-2023 06:20:25 UTC] PHP Notice:  Trying to access array offset on value of type null in /opt/lampp/htdocs/finbud/wp-content/themes/finbubs/functions.php on line 395
[05-Dec-2023 06:20:25 UTC] PHP Notice:  Undefined variable: link_target in /opt/lampp/htdocs/finbud/wp-content/themes/finbubs/functions.php on line 397
[05-Dec-2023 06:20:25 UTC] PHP Notice:  Undefined variable: val in /opt/lampp/htdocs/finbud/wp-content/themes/finbubs/functions.php on line 406
[05-Dec-2023 06:20:25 UTC] PHP Deprecated:  Hook woocommerce_get_price is deprecated since version 3.0.0! Use woocommerce_product_get_price instead. in /opt/lampp/htdocs/finbud/wp-includes/functions.php on line 6031
[05-Dec-2023 06:20:25 UTC] PHP Warning:  A non-numeric value encountered in /opt/lampp/htdocs/finbud/wp-content/plugins/product-discount/public/class-product-discount-public.php on line 108
[05-Dec-2023 06:20:25 UTC] PHP Notice:  A non well formed numeric value encountered in /opt/lampp/htdocs/finbud/wp-content/plugins/product-discount/public/class-product-discount-public.php on line 109
[05-Dec-2023 06:20:25 UTC] PHP Notice:  Undefined variable: val in /opt/lampp/htdocs/finbud/wp-content/themes/finbubs/functions.php on line 364
[05-Dec-2023 06:20:25 UTC] PHP Notice:  Function id was called incorrectly. Product properties should not be accessed directly. Backtrace: require('wp-blog-header.php'), require_once('wp-includes/template-loader.php'), include('/themes/finbubs/page.php'), get_template_part, locate_template, load_template, require('/themes/finbubs/template-parts/content-page.php'), the_content, apply_filters('the_content'), WP_Hook-&gt;apply_filters, WC_Template_Loader::unsupported_theme_shop_content_filter, WC_Shortcode_Products-&gt;get_content, WC_Shortcode_Products-&gt;product_loop, wc_get_template_part, load_template, require('/themes/finbubs/woocommerce/content-product.php'), do_action('woocommerce_before_shop_loop_item_title'), WP_Hook-&gt;do_action, WP_Hook-&gt;apply_filters, shop_title, WC_Abstract_Legacy_Product-&gt;__get, wc_doing_it_wrong Please see <a>Debugging in WordPress</a> for more information. (This message was added in version 3.0.) in /opt/lampp/htdocs/finbud/wp-includes/functions.php on line 6031
[05-Dec-2023 06:20:25 UTC] PHP Notice:  Function regular_price was called incorrectly. Product properties should not be accessed directly. Backtrace: require('wp-blog-header.php'), require_once('wp-includes/template-loader.php'), include('/themes/finbubs/page.php'), get_template_part, locate_template, load_template, require('/themes/finbubs/template-parts/content-page.php'), the_content, apply_filters('the_content'), WP_Hook-&gt;apply_filters, WC_Template_Loader::unsupported_theme_shop_content_filter, WC_Shortcode_Products-&gt;get_content, WC_Shortcode_Products-&gt;product_loop, wc_get_template_part, load_template, require('/themes/finbubs/woocommerce/content-product.php'), do_action('woocommerce_before_shop_loop_item_title'), WP_Hook-&gt;do_action, WP_Hook-&gt;apply_filters, shop_title, WC_Abstract_Legacy_Product-&gt;__get, wc_doing_it_wrong Please see <a>Debugging in WordPress</a> for more information. (This message was added in version 3.0.) in /opt/lampp/htdocs/finbud/wp-includes/functions.php on line 6031
[05-Dec-2023 06:20:25 UTC] PHP Notice:  Function price was called incorrectly. Product properties should not be accessed directly. Backtrace: require('wp-blog-header.php'), require_once('wp-includes/template-loader.php'), include('/themes/finbubs/page.php'), get_template_part, locate_template, load_template, require('/themes/finbubs/template-parts/content-page.php'), the_content, apply_filters('the_content'), WP_Hook-&gt;apply_filters, WC_Template_Loader::unsupported_theme_shop_content_filter, WC_Shortcode_Products-&gt;get_content, WC_Shortcode_Products-&gt;product_loop, wc_get_template_part, load_template, require('/themes/finbubs/woocommerce/content-product.php'), do_action('woocommerce_before_shop_loop_item_title'), WP_Hook-&gt;do_action, WP_Hook-&gt;apply_filters, shop_title, WC_Abstract_Legacy_Product-&gt;__get, wc_doing_it_wrong Please see <a>Debugging in WordPress</a> for more information. (This message was added in version 3.0.) in /opt/lampp/htdocs/finbud/wp-includes/functions.php on line 6031
[05-Dec-2023 06:20:25 UTC] PHP Deprecated:  Hook woocommerce_get_price is deprecated since version 3.0.0! Use woocommerce_product_get_price instead. in /opt/lampp/htdocs/finbud/wp-includes/functions.php on line 6031
[05-Dec-2023 06:20:25 UTC] PHP Warning:  A non-numeric value encountered in /opt/lampp/htdocs/finbud/wp-content/plugins/product-discount/public/class-product-discount-public.php on line 108
[05-Dec-2023 06:20:25 UTC] PHP Notice:  A non well formed numeric value encountered in /opt/lampp/htdocs/finbud/wp-content/plugins/product-discount/public/class-product-discount-public.php on line 109
[05-Dec-2023 06:20:25 UTC] PHP Notice:  Trying to access array offset on value of type null in /opt/lampp/htdocs/finbud/wp-content/themes/finbubs/functions.php on line 394
[05-Dec-2023 06:20:25 UTC] PHP Notice:  Trying to access array offset on value of type null in /opt/lampp/htdocs/finbud/wp-content/themes/finbubs/functions.php on line 395
[05-Dec-2023 06:20:25 UTC] PHP Notice:  Undefined variable: link_target in /opt/lampp/htdocs/finbud/wp-content/themes/finbubs/functions.php on line 397
[05-Dec-2023 06:20:25 UTC] PHP Notice:  Undefined variable: val in /opt/lampp/htdocs/finbud/wp-content/themes/finbubs/functions.php on line 406
[05-Dec-2023 06:20:25 UTC] PHP Deprecated:  Hook woocommerce_get_price is deprecated since version 3.0.0! Use woocommerce_product_get_price instead. in /opt/lampp/htdocs/finbud/wp-includes/functions.php on line 6031
[05-Dec-2023 06:20:25 UTC] PHP Warning:  A non-numeric value encountered in /opt/lampp/htdocs/finbud/wp-content/plugins/product-discount/public/class-product-discount-public.php on line 108
[05-Dec-2023 06:20:25 UTC] PHP Notice:  A non well formed numeric value encountered in /opt/lampp/htdocs/finbud/wp-content/plugins/product-discount/public/class-product-discount-public.php on line 109
[05-Dec-2023 06:20:25 UTC] PHP Notice:  Undefined variable: val in /opt/lampp/htdocs/finbud/wp-content/themes/finbubs/functions.php on line 364
[05-Dec-2023 06:20:25 UTC] PHP Notice:  Function id was called incorrectly. Product properties should not be accessed directly. Backtrace: require('wp-blog-header.php'), require_once('wp-includes/template-loader.php'), include('/themes/finbubs/page.php'), get_template_part, locate_template, load_template, require('/themes/finbubs/template-parts/content-page.php'), the_content, apply_filters('the_content'), WP_Hook-&gt;apply_filters, WC_Template_Loader::unsupported_theme_shop_content_filter, WC_Shortcode_Products-&gt;get_content, WC_Shortcode_Products-&gt;product_loop, wc_get_template_part, load_template, require('/themes/finbubs/woocommerce/content-product.php'), do_action('woocommerce_before_shop_loop_item_title'), WP_Hook-&gt;do_action, WP_Hook-&gt;apply_filters, shop_title, WC_Abstract_Legacy_Product-&gt;__get, wc_doing_it_wrong Please see <a>Debugging in WordPress</a> for more information. (This message was added in version 3.0.) in /opt/lampp/htdocs/finbud/wp-includes/functions.php on line 6031
[05-Dec-2023 06:20:25 UTC] PHP Notice:  Function regular_price was called incorrectly. Product properties should not be accessed directly. Backtrace: require('wp-blog-header.php'), require_once('wp-includes/template-loader.php'), include('/themes/finbubs/page.php'), get_template_part, locate_template, load_template, require('/themes/finbubs/template-parts/content-page.php'), the_content, apply_filters('the_content'), WP_Hook-&gt;apply_filters, WC_Template_Loader::unsupported_theme_shop_content_filter, WC_Shortcode_Products-&gt;get_content, WC_Shortcode_Products-&gt;product_loop, wc_get_template_part, load_template, require('/themes/finbubs/woocommerce/content-product.php'), do_action('woocommerce_before_shop_loop_item_title'), WP_Hook-&gt;do_action, WP_Hook-&gt;apply_filters, shop_title, WC_Abstract_Legacy_Product-&gt;__get, wc_doing_it_wrong Please see <a>Debugging in WordPress</a> for more information. (This message was added in version 3.0.) in /opt/lampp/htdocs/finbud/wp-includes/functions.php on line 6031
[05-Dec-2023 06:20:25 UTC] PHP Notice:  Function price was called incorrectly. Product properties should not be accessed directly. Backtrace: require('wp-blog-header.php'), require_once('wp-includes/template-loader.php'), include('/themes/finbubs/page.php'), get_template_part, locate_template, load_template, require('/themes/finbubs/template-parts/content-page.php'), the_content, apply_filters('the_content'), WP_Hook-&gt;apply_filters, WC_Template_Loader::unsupported_theme_shop_content_filter, WC_Shortcode_Products-&gt;get_content, WC_Shortcode_Products-&gt;product_loop, wc_get_template_part, load_template, require('/themes/finbubs/woocommerce/content-product.php'), do_action('woocommerce_before_shop_loop_item_title'), WP_Hook-&gt;do_action, WP_Hook-&gt;apply_filters, shop_title, WC_Abstract_Legacy_Product-&gt;__get, wc_doing_it_wrong Please see <a>Debugging in WordPress</a> for more information. (This message was added in version 3.0.) in /opt/lampp/htdocs/finbud/wp-includes/functions.php on line 6031
[05-Dec-2023 06:20:25 UTC] PHP Deprecated:  Hook woocommerce_get_price is deprecated since version 3.0.0! Use woocommerce_product_get_price instead. in /opt/lampp/htdocs/finbud/wp-includes/functions.php on line 6031
[05-Dec-2023 06:20:25 UTC] PHP Warning:  A non-numeric value encountered in /opt/lampp/htdocs/finbud/wp-content/plugins/product-discount/public/class-product-discount-public.php on line 108
[05-Dec-2023 06:20:25 UTC] PHP Notice:  A non well formed numeric value encountered in /opt/lampp/htdocs/finbud/wp-content/plugins/product-discount/public/class-product-discount-public.php on line 109
[05-Dec-2023 06:20:25 UTC] PHP Notice:  Trying to access array offset on value of type null in /opt/lampp/htdocs/finbud/wp-content/themes/finbubs/functions.php on line 394
[05-Dec-2023 06:20:25 UTC] PHP Notice:  Trying to access array offset on value of type null in /opt/lampp/htdocs/finbud/wp-content/themes/finbubs/functions.php on line 395
[05-Dec-2023 06:20:25 UTC] PHP Notice:  Undefined variable: link_target in /opt/lampp/htdocs/finbud/wp-content/themes/finbubs/functions.php on line 397
[05-Dec-2023 06:20:25 UTC] PHP Notice:  Undefined variable: val in /opt/lampp/htdocs/finbud/wp-content/themes/finbubs/functions.php on line 406
[05-Dec-2023 06:20:25 UTC] PHP Deprecated:  Hook woocommerce_get_price is deprecated since version 3.0.0! Use woocommerce_product_get_price instead. in /opt/lampp/htdocs/finbud/wp-includes/functions.php on line 6031
[05-Dec-2023 06:20:25 UTC] PHP Warning:  A non-numeric value encountered in /opt/lampp/htdocs/finbud/wp-content/plugins/product-discount/public/class-product-discount-public.php on line 108
[05-Dec-2023 06:20:25 UTC] PHP Notice:  A non well formed numeric value encountered in /opt/lampp/htdocs/finbud/wp-content/plugins/product-discount/public/class-product-discount-public.php on line 109
[05-Dec-2023 06:20:25 UTC] PHP Notice:  Undefined variable: val in /opt/lampp/htdocs/finbud/wp-content/themes/finbubs/functions.php on line 364
[05-Dec-2023 06:20:25 UTC] PHP Notice:  Function id was called incorrectly. Product properties should not be accessed directly. Backtrace: require('wp-blog-header.php'), require_once('wp-includes/template-loader.php'), include('/themes/finbubs/page.php'), get_template_part, locate_template, load_template, require('/themes/finbubs/template-parts/content-page.php'), the_content, apply_filters('the_content'), WP_Hook-&gt;apply_filters, WC_Template_Loader::unsupported_theme_shop_content_filter, WC_Shortcode_Products-&gt;get_content, WC_Shortcode_Products-&gt;product_loop, wc_get_template_part, load_template, require('/themes/finbubs/woocommerce/content-product.php'), do_action('woocommerce_before_shop_loop_item_title'), WP_Hook-&gt;do_action, WP_Hook-&gt;apply_filters, shop_title, WC_Abstract_Legacy_Product-&gt;__get, wc_doing_it_wrong Please see <a>Debugging in WordPress</a> for more information. (This message was added in version 3.0.) in /opt/lampp/htdocs/finbud/wp-includes/functions.php on line 6031
[05-Dec-2023 06:20:25 UTC] PHP Notice:  Function regular_price was called incorrectly. Product properties should not be accessed directly. Backtrace: require('wp-blog-header.php'), require_once('wp-includes/template-loader.php'), include('/themes/finbubs/page.php'), get_template_part, locate_template, load_template, require('/themes/finbubs/template-parts/content-page.php'), the_content, apply_filters('the_content'), WP_Hook-&gt;apply_filters, WC_Template_Loader::unsupported_theme_shop_content_filter, WC_Shortcode_Products-&gt;get_content, WC_Shortcode_Products-&gt;product_loop, wc_get_template_part, load_template, require('/themes/finbubs/woocommerce/content-product.php'), do_action('woocommerce_before_shop_loop_item_title'), WP_Hook-&gt;do_action, WP_Hook-&gt;apply_filters, shop_title, WC_Abstract_Legacy_Product-&gt;__get, wc_doing_it_wrong Please see <a>Debugging in WordPress</a> for more information. (This message was added in version 3.0.) in /opt/lampp/htdocs/finbud/wp-includes/functions.php on line 6031
[05-Dec-2023 06:20:25 UTC] PHP Notice:  Function price was called incorrectly. Product properties should not be accessed directly. Backtrace: require('wp-blog-header.php'), require_once('wp-includes/template-loader.php'), include('/themes/finbubs/page.php'), get_template_part, locate_template, load_template, require('/themes/finbubs/template-parts/content-page.php'), the_content, apply_filters('the_content'), WP_Hook-&gt;apply_filters, WC_Template_Loader::unsupported_theme_shop_content_filter, WC_Shortcode_Products-&gt;get_content, WC_Shortcode_Products-&gt;product_loop, wc_get_template_part, load_template, require('/themes/finbubs/woocommerce/content-product.php'), do_action('woocommerce_before_shop_loop_item_title'), WP_Hook-&gt;do_action, WP_Hook-&gt;apply_filters, shop_title, WC_Abstract_Legacy_Product-&gt;__get, wc_doing_it_wrong Please see <a>Debugging in WordPress</a> for more information. (This message was added in version 3.0.) in /opt/lampp/htdocs/finbud/wp-includes/functions.php on line 6031
[05-Dec-2023 06:20:25 UTC] PHP Deprecated:  Hook woocommerce_get_price is deprecated since version 3.0.0! Use woocommerce_product_get_price instead. in /opt/lampp/htdocs/finbud/wp-includes/functions.php on line 6031
[05-Dec-2023 06:20:25 UTC] PHP Warning:  A non-numeric value encountered in /opt/lampp/htdocs/finbud/wp-content/plugins/product-discount/public/class-product-discount-public.php on line 108
[05-Dec-2023 06:20:25 UTC] PHP Notice:  A non well formed numeric value encountered in /opt/lampp/htdocs/finbud/wp-content/plugins/product-discount/public/class-product-discount-public.php on line 109
[05-Dec-2023 06:20:25 UTC] PHP Notice:  Trying to access array offset on value of type null in /opt/lampp/htdocs/finbud/wp-content/themes/finbubs/functions.php on line 394
[05-Dec-2023 06:20:25 UTC] PHP Notice:  Trying to access array offset on value of type null in /opt/lampp/htdocs/finbud/wp-content/themes/finbubs/functions.php on line 395
[05-Dec-2023 06:20:25 UTC] PHP Notice:  Undefined variable: link_target in /opt/lampp/htdocs/finbud/wp-content/themes/finbubs/functions.php on line 397
[05-Dec-2023 06:20:25 UTC] PHP Notice:  Undefined variable: val in /opt/lampp/htdocs/finbud/wp-content/themes/finbubs/functions.php on line 406
[05-Dec-2023 06:20:25 UTC] PHP Deprecated:  Hook woocommerce_get_price is deprecated since version 3.0.0! Use woocommerce_product_get_price instead. in /opt/lampp/htdocs/finbud/wp-includes/functions.php on line 6031
[05-Dec-2023 06:20:25 UTC] PHP Warning:  A non-numeric value encountered in /opt/lampp/htdocs/finbud/wp-content/plugins/product-discount/public/class-product-discount-public.php on line 108
[05-Dec-2023 06:20:25 UTC] PHP Notice:  A non well formed numeric value encountered in /opt/lampp/htdocs/finbud/wp-content/plugins/product-discount/public/class-product-discount-public.php on line 109
[05-Dec-2023 06:20:25 UTC] PHP Notice:  Undefined variable: val in /opt/lampp/htdocs/finbud/wp-content/themes/finbubs/functions.php on line 364
[05-Dec-2023 06:20:25 UTC] PHP Notice:  Function id was called incorrectly. Product properties should not be accessed directly. Backtrace: require('wp-blog-header.php'), require_once('wp-includes/template-loader.php'), include('/themes/finbubs/page.php'), get_template_part, locate_template, load_template, require('/themes/finbubs/template-parts/content-page.php'), the_content, apply_filters('the_content'), WP_Hook-&gt;apply_filters, WC_Template_Loader::unsupported_theme_shop_content_filter, WC_Shortcode_Products-&gt;get_content, WC_Shortcode_Products-&gt;product_loop, wc_get_template_part, load_template, require('/themes/finbubs/woocommerce/content-product.php'), do_action('woocommerce_before_shop_loop_item_title'), WP_Hook-&gt;do_action, WP_Hook-&gt;apply_filters, shop_title, WC_Abstract_Legacy_Product-&gt;__get, wc_doing_it_wrong Please see <a>Debugging in WordPress</a> for more information. (This message was added in version 3.0.) in /opt/lampp/htdocs/finbud/wp-includes/functions.php on line 6031
[05-Dec-2023 06:20:25 UTC] PHP Notice:  Function regular_price was called incorrectly. Product properties should not be accessed directly. Backtrace: require('wp-blog-header.php'), require_once('wp-includes/template-loader.php'), include('/themes/finbubs/page.php'), get_template_part, locate_template, load_template, require('/themes/finbubs/template-parts/content-page.php'), the_content, apply_filters('the_content'), WP_Hook-&gt;apply_filters, WC_Template_Loader::unsupported_theme_shop_content_filter, WC_Shortcode_Products-&gt;get_content, WC_Shortcode_Products-&gt;product_loop, wc_get_template_part, load_template, require('/themes/finbubs/woocommerce/content-product.php'), do_action('woocommerce_before_shop_loop_item_title'), WP_Hook-&gt;do_action, WP_Hook-&gt;apply_filters, shop_title, WC_Abstract_Legacy_Product-&gt;__get, wc_doing_it_wrong Please see <a>Debugging in WordPress</a> for more information. (This message was added in version 3.0.) in /opt/lampp/htdocs/finbud/wp-includes/functions.php on line 6031
[05-Dec-2023 06:20:25 UTC] PHP Notice:  Function price was called incorrectly. Product properties should not be accessed directly. Backtrace: require('wp-blog-header.php'), require_once('wp-includes/template-loader.php'), include('/themes/finbubs/page.php'), get_template_part, locate_template, load_template, require('/themes/finbubs/template-parts/content-page.php'), the_content, apply_filters('the_content'), WP_Hook-&gt;apply_filters, WC_Template_Loader::unsupported_theme_shop_content_filter, WC_Shortcode_Products-&gt;get_content, WC_Shortcode_Products-&gt;product_loop, wc_get_template_part, load_template, require('/themes/finbubs/woocommerce/content-product.php'), do_action('woocommerce_before_shop_loop_item_title'), WP_Hook-&gt;do_action, WP_Hook-&gt;apply_filters, shop_title, WC_Abstract_Legacy_Product-&gt;__get, wc_doing_it_wrong Please see <a>Debugging in WordPress</a> for more information. (This message was added in version 3.0.) in /opt/lampp/htdocs/finbud/wp-includes/functions.php on line 6031
[05-Dec-2023 06:20:25 UTC] PHP Deprecated:  Hook woocommerce_get_price is deprecated since version 3.0.0! Use woocommerce_product_get_price instead. in /opt/lampp/htdocs/finbud/wp-includes/functions.php on line 6031
[05-Dec-2023 06:20:25 UTC] PHP Warning:  A non-numeric value encountered in /opt/lampp/htdocs/finbud/wp-content/plugins/product-discount/public/class-product-discount-public.php on line 108
[05-Dec-2023 06:20:25 UTC] PHP Notice:  A non well formed numeric value encountered in /opt/lampp/htdocs/finbud/wp-content/plugins/product-discount/public/class-product-discount-public.php on line 109
[05-Dec-2023 06:20:25 UTC] PHP Notice:  Trying to access array offset on value of type null in /opt/lampp/htdocs/finbud/wp-content/themes/finbubs/functions.php on line 394
[05-Dec-2023 06:20:25 UTC] PHP Notice:  Trying to access array offset on value of type null in /opt/lampp/htdocs/finbud/wp-content/themes/finbubs/functions.php on line 395
[05-Dec-2023 06:20:25 UTC] PHP Notice:  Undefined variable: link_target in /opt/lampp/htdocs/finbud/wp-content/themes/finbubs/functions.php on line 397
[05-Dec-2023 06:20:25 UTC] PHP Notice:  Undefined variable: val in /opt/lampp/htdocs/finbud/wp-content/themes/finbubs/functions.php on line 406
[05-Dec-2023 06:20:25 UTC] PHP Deprecated:  Hook woocommerce_get_price is deprecated since version 3.0.0! Use woocommerce_product_get_price instead. in /opt/lampp/htdocs/finbud/wp-includes/functions.php on line 6031
[05-Dec-2023 06:20:25 UTC] PHP Warning:  A non-numeric value encountered in /opt/lampp/htdocs/finbud/wp-content/plugins/product-discount/public/class-product-discount-public.php on line 108
[05-Dec-2023 06:20:25 UTC] PHP Notice:  A non well formed numeric value encountered in /opt/lampp/htdocs/finbud/wp-content/plugins/product-discount/public/class-product-discount-public.php on line 109
[05-Dec-2023 06:20:25 UTC] PHP Notice:  Undefined variable: val in /opt/lampp/htdocs/finbud/wp-content/themes/finbubs/functions.php on line 364
[05-Dec-2023 06:20:25 UTC] PHP Notice:  Function id was called incorrectly. Product properties should not be accessed directly. Backtrace: require('wp-blog-header.php'), require_once('wp-includes/template-loader.php'), include('/themes/finbubs/page.php'), get_template_part, locate_template, load_template, require('/themes/finbubs/template-parts/content-page.php'), the_content, apply_filters('the_content'), WP_Hook-&gt;apply_filters, WC_Template_Loader::unsupported_theme_shop_content_filter, WC_Shortcode_Products-&gt;get_content, WC_Shortcode_Products-&gt;product_loop, wc_get_template_part, load_template, require('/themes/finbubs/woocommerce/content-product.php'), do_action('woocommerce_before_shop_loop_item_title'), WP_Hook-&gt;do_action, WP_Hook-&gt;apply_filters, shop_title, WC_Abstract_Legacy_Product-&gt;__get, wc_doing_it_wrong Please see <a>Debugging in WordPress</a> for more information. (This message was added in version 3.0.) in /opt/lampp/htdocs/finbud/wp-includes/functions.php on line 6031
[05-Dec-2023 06:20:25 UTC] PHP Notice:  Function regular_price was called incorrectly. Product properties should not be accessed directly. Backtrace: require('wp-blog-header.php'), require_once('wp-includes/template-loader.php'), include('/themes/finbubs/page.php'), get_template_part, locate_template, load_template, require('/themes/finbubs/template-parts/content-page.php'), the_content, apply_filters('the_content'), WP_Hook-&gt;apply_filters, WC_Template_Loader::unsupported_theme_shop_content_filter, WC_Shortcode_Products-&gt;get_content, WC_Shortcode_Products-&gt;product_loop, wc_get_template_part, load_template, require('/themes/finbubs/woocommerce/content-product.php'), do_action('woocommerce_before_shop_loop_item_title'), WP_Hook-&gt;do_action, WP_Hook-&gt;apply_filters, shop_title, WC_Abstract_Legacy_Product-&gt;__get, wc_doing_it_wrong Please see <a>Debugging in WordPress</a> for more information. (This message was added in version 3.0.) in /opt/lampp/htdocs/finbud/wp-includes/functions.php on line 6031
[05-Dec-2023 06:20:25 UTC] PHP Notice:  Function price was called incorrectly. Product properties should not be accessed directly. Backtrace: require('wp-blog-header.php'), require_once('wp-includes/template-loader.php'), include('/themes/finbubs/page.php'), get_template_part, locate_template, load_template, require('/themes/finbubs/template-parts/content-page.php'), the_content, apply_filters('the_content'), WP_Hook-&gt;apply_filters, WC_Template_Loader::unsupported_theme_shop_content_filter, WC_Shortcode_Products-&gt;get_content, WC_Shortcode_Products-&gt;product_loop, wc_get_template_part, load_template, require('/themes/finbubs/woocommerce/content-product.php'), do_action('woocommerce_before_shop_loop_item_title'), WP_Hook-&gt;do_action, WP_Hook-&gt;apply_filters, shop_title, WC_Abstract_Legacy_Product-&gt;__get, wc_doing_it_wrong Please see <a>Debugging in WordPress</a> for more information. (This message was added in version 3.0.) in /opt/lampp/htdocs/finbud/wp-includes/functions.php on line 6031
[05-Dec-2023 06:20:25 UTC] PHP Deprecated:  Hook woocommerce_get_price is deprecated since version 3.0.0! Use woocommerce_product_get_price instead. in /opt/lampp/htdocs/finbud/wp-includes/functions.php on line 6031
[05-Dec-2023 06:20:25 UTC] PHP Warning:  A non-numeric value encountered in /opt/lampp/htdocs/finbud/wp-content/plugins/product-discount/public/class-product-discount-public.php on line 108
[05-Dec-2023 06:20:25 UTC] PHP Notice:  A non well formed numeric value encountered in /opt/lampp/htdocs/finbud/wp-content/plugins/product-discount/public/class-product-discount-public.php on line 109
[05-Dec-2023 06:20:25 UTC] PHP Notice:  Trying to access array offset on value of type null in /opt/lampp/htdocs/finbud/wp-content/themes/finbubs/functions.php on line 394
[05-Dec-2023 06:20:25 UTC] PHP Notice:  Trying to access array offset on value of type null in /opt/lampp/htdocs/finbud/wp-content/themes/finbubs/functions.php on line 395
[05-Dec-2023 06:20:25 UTC] PHP Notice:  Undefined variable: link_target in /opt/lampp/htdocs/finbud/wp-content/themes/finbubs/functions.php on line 397
[05-Dec-2023 06:20:25 UTC] PHP Notice:  Undefined variable: val in /opt/lampp/htdocs/finbud/wp-content/themes/finbubs/functions.php on line 406
[05-Dec-2023 06:20:25 UTC] PHP Notice:  Undefined variable: val in /opt/lampp/htdocs/finbud/wp-content/themes/finbubs/functions.php on line 364
[05-Dec-2023 06:20:25 UTC] PHP Notice:  Function id was called incorrectly. Product properties should not be accessed directly. Backtrace: require('wp-blog-header.php'), require_once('wp-includes/template-loader.php'), include('/themes/finbubs/page.php'), get_template_part, locate_template, load_template, require('/themes/finbubs/template-parts/content-page.php'), the_content, apply_filters('the_content'), WP_Hook-&gt;apply_filters, WC_Template_Loader::unsupported_theme_shop_content_filter, WC_Shortcode_Products-&gt;get_content, WC_Shortcode_Products-&gt;product_loop, wc_get_template_part, load_template, require('/themes/finbubs/woocommerce/content-product.php'), do_action('woocommerce_before_shop_loop_item_title'), WP_Hook-&gt;do_action, WP_Hook-&gt;apply_filters, shop_title, WC_Abstract_Legacy_Product-&gt;__get, wc_doing_it_wrong Please see <a>Debugging in WordPress</a> for more information. (This message was added in version 3.0.) in /opt/lampp/htdocs/finbud/wp-includes/functions.php on line 6031
[05-Dec-2023 06:20:25 UTC] PHP Notice:  Function regular_price was called incorrectly. Product properties should not be accessed directly. Backtrace: require('wp-blog-header.php'), require_once('wp-includes/template-loader.php'), include('/themes/finbubs/page.php'), get_template_part, locate_template, load_template, require('/themes/finbubs/template-parts/content-page.php'), the_content, apply_filters('the_content'), WP_Hook-&gt;apply_filters, WC_Template_Loader::unsupported_theme_shop_content_filter, WC_Shortcode_Products-&gt;get_content, WC_Shortcode_Products-&gt;product_loop, wc_get_template_part, load_template, require('/themes/finbubs/woocommerce/content-product.php'), do_action('woocommerce_before_shop_loop_item_title'), WP_Hook-&gt;do_action, WP_Hook-&gt;apply_filters, shop_title, WC_Abstract_Legacy_Product-&gt;__get, wc_doing_it_wrong Please see <a>Debugging in WordPress</a> for more information. (This message was added in version 3.0.) in /opt/lampp/htdocs/finbud/wp-includes/functions.php on line 6031
[05-Dec-2023 06:20:25 UTC] PHP Notice:  Function price was called incorrectly. Product properties should not be accessed directly. Backtrace: require('wp-blog-header.php'), require_once('wp-includes/template-loader.php'), include('/themes/finbubs/page.php'), get_template_part, locate_template, load_template, require('/themes/finbubs/template-parts/content-page.php'), the_content, apply_filters('the_content'), WP_Hook-&gt;apply_filters, WC_Template_Loader::unsupported_theme_shop_content_filter, WC_Shortcode_Products-&gt;get_content, WC_Shortcode_Products-&gt;product_loop, wc_get_template_part, load_template, require('/themes/finbubs/woocommerce/content-product.php'), do_action('woocommerce_before_shop_loop_item_title'), WP_Hook-&gt;do_action, WP_Hook-&gt;apply_filters, shop_title, WC_Abstract_Legacy_Product-&gt;__get, wc_doing_it_wrong Please see <a>Debugging in WordPress</a> for more information. (This message was added in version 3.0.) in /opt/lampp/htdocs/finbud/wp-includes/functions.php on line 6031
[05-Dec-2023 06:20:25 UTC] PHP Deprecated:  Hook woocommerce_get_price is deprecated since version 3.0.0! Use woocommerce_product_get_price instead. in /opt/lampp/htdocs/finbud/wp-includes/functions.php on line 6031
[05-Dec-2023 06:20:25 UTC] PHP Warning:  A non-numeric value encountered in /opt/lampp/htdocs/finbud/wp-content/plugins/product-discount/public/class-product-discount-public.php on line 108
[05-Dec-2023 06:20:25 UTC] PHP Notice:  A non well formed numeric value encountered in /opt/lampp/htdocs/finbud/wp-content/plugins/product-discount/public/class-product-discount-public.php on line 109
[05-Dec-2023 06:20:25 UTC] PHP Notice:  Trying to access array offset on value of type null in /opt/lampp/htdocs/finbud/wp-content/themes/finbubs/functions.php on line 394
[05-Dec-2023 06:20:25 UTC] PHP Notice:  Trying to access array offset on value of type null in /opt/lampp/htdocs/finbud/wp-content/themes/finbubs/functions.php on line 395
[05-Dec-2023 06:20:25 UTC] PHP Notice:  Undefined variable: link_target in /opt/lampp/htdocs/finbud/wp-content/themes/finbubs/functions.php on line 397
[05-Dec-2023 06:20:25 UTC] PHP Notice:  Undefined variable: val in /opt/lampp/htdocs/finbud/wp-content/themes/finbubs/functions.php on line 406
[05-Dec-2023 06:20:25 UTC] PHP Deprecated:  Hook woocommerce_get_price is deprecated since version 3.0.0! Use woocommerce_product_get_price instead. in /opt/lampp/htdocs/finbud/wp-includes/functions.php on line 6031
[05-Dec-2023 06:20:25 UTC] PHP Warning:  A non-numeric value encountered in /opt/lampp/htdocs/finbud/wp-content/plugins/product-discount/public/class-product-discount-public.php on line 108
[05-Dec-2023 06:20:25 UTC] PHP Notice:  A non well formed numeric value encountered in /opt/lampp/htdocs/finbud/wp-content/plugins/product-discount/public/class-product-discount-public.php on line 109
[05-Dec-2023 06:20:25 UTC] PHP Notice:  Undefined variable: val in /opt/lampp/htdocs/finbud/wp-content/themes/finbubs/functions.php on line 364
[05-Dec-2023 06:20:25 UTC] PHP Notice:  Function id was called incorrectly. Product properties should not be accessed directly. Backtrace: require('wp-blog-header.php'), require_once('wp-includes/template-loader.php'), include('/themes/finbubs/page.php'), get_template_part, locate_template, load_template, require('/themes/finbubs/template-parts/content-page.php'), the_content, apply_filters('the_content'), WP_Hook-&gt;apply_filters, WC_Template_Loader::unsupported_theme_shop_content_filter, WC_Shortcode_Products-&gt;get_content, WC_Shortcode_Products-&gt;product_loop, wc_get_template_part, load_template, require('/themes/finbubs/woocommerce/content-product.php'), do_action('woocommerce_before_shop_loop_item_title'), WP_Hook-&gt;do_action, WP_Hook-&gt;apply_filters, shop_title, WC_Abstract_Legacy_Product-&gt;__get, wc_doing_it_wrong Please see <a>Debugging in WordPress</a> for more information. (This message was added in version 3.0.) in /opt/lampp/htdocs/finbud/wp-includes/functions.php on line 6031
[05-Dec-2023 06:20:25 UTC] PHP Notice:  Function regular_price was called incorrectly. Product properties should not be accessed directly. Backtrace: require('wp-blog-header.php'), require_once('wp-includes/template-loader.php'), include('/themes/finbubs/page.php'), get_template_part, locate_template, load_template, require('/themes/finbubs/template-parts/content-page.php'), the_content, apply_filters('the_content'), WP_Hook-&gt;apply_filters, WC_Template_Loader::unsupported_theme_shop_content_filter, WC_Shortcode_Products-&gt;get_content, WC_Shortcode_Products-&gt;product_loop, wc_get_template_part, load_template, require('/themes/finbubs/woocommerce/content-product.php'), do_action('woocommerce_before_shop_loop_item_title'), WP_Hook-&gt;do_action, WP_Hook-&gt;apply_filters, shop_title, WC_Abstract_Legacy_Product-&gt;__get, wc_doing_it_wrong Please see <a>Debugging in WordPress</a> for more information. (This message was added in version 3.0.) in /opt/lampp/htdocs/finbud/wp-includes/functions.php on line 6031
[05-Dec-2023 06:20:25 UTC] PHP Notice:  Function price was called incorrectly. Product properties should not be accessed directly. Backtrace: require('wp-blog-header.php'), require_once('wp-includes/template-loader.php'), include('/themes/finbubs/page.php'), get_template_part, locate_template, load_template, require('/themes/finbubs/template-parts/content-page.php'), the_content, apply_filters('the_content'), WP_Hook-&gt;apply_filters, WC_Template_Loader::unsupported_theme_shop_content_filter, WC_Shortcode_Products-&gt;get_content, WC_Shortcode_Products-&gt;product_loop, wc_get_template_part, load_template, require('/themes/finbubs/woocommerce/content-product.php'), do_action('woocommerce_before_shop_loop_item_title'), WP_Hook-&gt;do_action, WP_Hook-&gt;apply_filters, shop_title, WC_Abstract_Legacy_Product-&gt;__get, wc_doing_it_wrong Please see <a>Debugging in WordPress</a> for more information. (This message was added in version 3.0.) in /opt/lampp/htdocs/finbud/wp-includes/functions.php on line 6031
[05-Dec-2023 06:20:25 UTC] PHP Deprecated:  Hook woocommerce_get_price is deprecated since version 3.0.0! Use woocommerce_product_get_price instead. in /opt/lampp/htdocs/finbud/wp-includes/functions.php on line 6031
[05-Dec-2023 06:20:25 UTC] PHP Warning:  A non-numeric value encountered in /opt/lampp/htdocs/finbud/wp-content/plugins/product-discount/public/class-product-discount-public.php on line 108
[05-Dec-2023 06:20:25 UTC] PHP Notice:  A non well formed numeric value encountered in /opt/lampp/htdocs/finbud/wp-content/plugins/product-discount/public/class-product-discount-public.php on line 109
[05-Dec-2023 06:20:25 UTC] PHP Notice:  Trying to access array offset on value of type null in /opt/lampp/htdocs/finbud/wp-content/themes/finbubs/functions.php on line 394
[05-Dec-2023 06:20:25 UTC] PHP Notice:  Trying to access array offset on value of type null in /opt/lampp/htdocs/finbud/wp-content/themes/finbubs/functions.php on line 395
[05-Dec-2023 06:20:25 UTC] PHP Notice:  Undefined variable: link_target in /opt/lampp/htdocs/finbud/wp-content/themes/finbubs/functions.php on line 397
[05-Dec-2023 06:20:25 UTC] PHP Notice:  Undefined variable: val in /opt/lampp/htdocs/finbud/wp-content/themes/finbubs/functions.php on line 406
[05-Dec-2023 06:20:25 UTC] PHP Deprecated:  Hook woocommerce_get_price is deprecated since version 3.0.0! Use woocommerce_product_get_price instead. in /opt/lampp/htdocs/finbud/wp-includes/functions.php on line 6031
[05-Dec-2023 06:20:25 UTC] PHP Warning:  A non-numeric value encountered in /opt/lampp/htdocs/finbud/wp-content/plugins/product-discount/public/class-product-discount-public.php on line 108
[05-Dec-2023 06:20:25 UTC] PHP Notice:  A non well formed numeric value encountered in /opt/lampp/htdocs/finbud/wp-content/plugins/product-discount/public/class-product-discount-public.php on line 109
[05-Dec-2023 06:20:25 UTC] PHP Notice:  Undefined variable: val in /opt/lampp/htdocs/finbud/wp-content/themes/finbubs/functions.php on line 364
[05-Dec-2023 06:20:25 UTC] PHP Notice:  Function id was called incorrectly. Product properties should not be accessed directly. Backtrace: require('wp-blog-header.php'), require_once('wp-includes/template-loader.php'), include('/themes/finbubs/page.php'), get_template_part, locate_template, load_template, require('/themes/finbubs/template-parts/content-page.php'), the_content, apply_filters('the_content'), WP_Hook-&gt;apply_filters, WC_Template_Loader::unsupported_theme_shop_content_filter, WC_Shortcode_Products-&gt;get_content, WC_Shortcode_Products-&gt;product_loop, wc_get_template_part, load_template, require('/themes/finbubs/woocommerce/content-product.php'), do_action('woocommerce_before_shop_loop_item_title'), WP_Hook-&gt;do_action, WP_Hook-&gt;apply_filters, shop_title, WC_Abstract_Legacy_Product-&gt;__get, wc_doing_it_wrong Please see <a>Debugging in WordPress</a> for more information. (This message was added in version 3.0.) in /opt/lampp/htdocs/finbud/wp-includes/functions.php on line 6031
[05-Dec-2023 06:20:25 UTC] PHP Notice:  Function regular_price was called incorrectly. Product properties should not be accessed directly. Backtrace: require('wp-blog-header.php'), require_once('wp-includes/template-loader.php'), include('/themes/finbubs/page.php'), get_template_part, locate_template, load_template, require('/themes/finbubs/template-parts/content-page.php'), the_content, apply_filters('the_content'), WP_Hook-&gt;apply_filters, WC_Template_Loader::unsupported_theme_shop_content_filter, WC_Shortcode_Products-&gt;get_content, WC_Shortcode_Products-&gt;product_loop, wc_get_template_part, load_template, require('/themes/finbubs/woocommerce/content-product.php'), do_action('woocommerce_before_shop_loop_item_title'), WP_Hook-&gt;do_action, WP_Hook-&gt;apply_filters, shop_title, WC_Abstract_Legacy_Product-&gt;__get, wc_doing_it_wrong Please see <a>Debugging in WordPress</a> for more information. (This message was added in version 3.0.) in /opt/lampp/htdocs/finbud/wp-includes/functions.php on line 6031
[05-Dec-2023 06:20:25 UTC] PHP Notice:  Function price was called incorrectly. Product properties should not be accessed directly. Backtrace: require('wp-blog-header.php'), require_once('wp-includes/template-loader.php'), include('/themes/finbubs/page.php'), get_template_part, locate_template, load_template, require('/themes/finbubs/template-parts/content-page.php'), the_content, apply_filters('the_content'), WP_Hook-&gt;apply_filters, WC_Template_Loader::unsupported_theme_shop_content_filter, WC_Shortcode_Products-&gt;get_content, WC_Shortcode_Products-&gt;product_loop, wc_get_template_part, load_template, require('/themes/finbubs/woocommerce/content-product.php'), do_action('woocommerce_before_shop_loop_item_title'), WP_Hook-&gt;do_action, WP_Hook-&gt;apply_filters, shop_title, WC_Abstract_Legacy_Product-&gt;__get, wc_doing_it_wrong Please see <a>Debugging in WordPress</a> for more information. (This message was added in version 3.0.) in /opt/lampp/htdocs/finbud/wp-includes/functions.php on line 6031
[05-Dec-2023 06:20:25 UTC] PHP Deprecated:  Hook woocommerce_get_price is deprecated since version 3.0.0! Use woocommerce_product_get_price instead. in /opt/lampp/htdocs/finbud/wp-includes/functions.php on line 6031
[05-Dec-2023 06:20:25 UTC] PHP Warning:  A non-numeric value encountered in /opt/lampp/htdocs/finbud/wp-content/plugins/product-discount/public/class-product-discount-public.php on line 108
[05-Dec-2023 06:20:25 UTC] PHP Notice:  A non well formed numeric value encountered in /opt/lampp/htdocs/finbud/wp-content/plugins/product-discount/public/class-product-discount-public.php on line 109
[05-Dec-2023 06:20:25 UTC] PHP Notice:  Trying to access array offset on value of type null in /opt/lampp/htdocs/finbud/wp-content/themes/finbubs/functions.php on line 394
[05-Dec-2023 06:20:25 UTC] PHP Notice:  Trying to access array offset on value of type null in /opt/lampp/htdocs/finbud/wp-content/themes/finbubs/functions.php on line 395
[05-Dec-2023 06:20:25 UTC] PHP Notice:  Undefined variable: link_target in /opt/lampp/htdocs/finbud/wp-content/themes/finbubs/functions.php on line 397
[05-Dec-2023 06:20:25 UTC] PHP Notice:  Undefined variable: val in /opt/lampp/htdocs/finbud/wp-content/themes/finbubs/functions.php on line 406
