2023-06-30T06:47:11+00:00 CRITICAL Uncaught Error: Class 'WPML_ST_Settings' not found in /opt/lampp/htdocs/finbud/wp-content/plugins/sitepress-multilingual-cms/addons/wpml-page-builders/classes/App.php:26
Stack trace:
#0 /opt/lampp/htdocs/finbud/wp-content/plugins/sitepress-multilingual-cms/addons/wpml-page-builders/app.php(25): WPML\PB\App::run()
#1 /opt/lampp/htdocs/finbud/wp-content/plugins/sitepress-multilingual-cms/addons/wpml-page-builders/loader.php(32): require_once('/opt/lampp/htdo...')
#2 /opt/lampp/htdocs/finbud/wp-includes/class-wp-hook.php(308): {closure}('')
#3 /opt/lampp/htdocs/finbud/wp-includes/class-wp-hook.php(332): WP_Hook->apply_filters('', Array)
#4 /opt/lampp/htdocs/finbud/wp-includes/plugin.php(517): WP_Hook->do_action(Array)
#5 /opt/lampp/htdocs/finbud/wp-settings.php(623): do_action('init')
#6 /opt/lampp/htdocs/finbud/wp-config.php(96): require_once('/opt/lampp/htdo...')
#7 /opt/lampp/htdocs/finbud/wp-load.php(50): require_once('/opt/lampp/htdo...')
#8 /opt/lampp/htdocs/finbud/wp-admin/admin.php(34): require_once('/opt/lampp/htdo...')
#9 {main}
  thrown in /opt/lampp/htdocs/finbud/wp-content/plugins/sitepress-multilingual-cms/addons/wpml-page-builders/classes/App.php on line 26

2023-06-30T06:47:43+00:00 CRITICAL Uncaught Error: Class 'WPML_ST_Settings' not found in /opt/lampp/htdocs/finbud/wp-content/plugins/sitepress-multilingual-cms/addons/wpml-page-builders/classes/App.php:26
Stack trace:
#0 /opt/lampp/htdocs/finbud/wp-content/plugins/sitepress-multilingual-cms/addons/wpml-page-builders/app.php(25): WPML\PB\App::run()
#1 /opt/lampp/htdocs/finbud/wp-content/plugins/sitepress-multilingual-cms/addons/wpml-page-builders/loader.php(32): require_once('/opt/lampp/htdo...')
#2 /opt/lampp/htdocs/finbud/wp-includes/class-wp-hook.php(308): {closure}('')
#3 /opt/lampp/htdocs/finbud/wp-includes/class-wp-hook.php(332): WP_Hook->apply_filters('', Array)
#4 /opt/lampp/htdocs/finbud/wp-includes/plugin.php(517): WP_Hook->do_action(Array)
#5 /opt/lampp/htdocs/finbud/wp-settings.php(623): do_action('init')
#6 /opt/lampp/htdocs/finbud/wp-config.php(96): require_once('/opt/lampp/htdo...')
#7 /opt/lampp/htdocs/finbud/wp-load.php(50): require_once('/opt/lampp/htdo...')
#8 /opt/lampp/htdocs/finbud/wp-admin/admin.php(34): require_once('/opt/lampp/htdo...')
#9 /opt/lampp/htdocs/finbud/wp-admin/index.php(10): require_once('/opt/lampp/htdo...')
#10 {main}
  thrown in /opt/lampp/htdocs/finbud/wp-content/plugins/sitepress-multilingual-cms/addons/wpml-page-builders/classes/App.php on line 26

2023-06-30T06:47:57+00:00 CRITICAL Uncaught Error: Class 'WPML_ST_Settings' not found in /opt/lampp/htdocs/finbud/wp-content/plugins/sitepress-multilingual-cms/addons/wpml-page-builders/classes/App.php:26
Stack trace:
#0 /opt/lampp/htdocs/finbud/wp-content/plugins/sitepress-multilingual-cms/addons/wpml-page-builders/app.php(25): WPML\PB\App::run()
#1 /opt/lampp/htdocs/finbud/wp-content/plugins/sitepress-multilingual-cms/addons/wpml-page-builders/loader.php(32): require_once('/opt/lampp/htdo...')
#2 /opt/lampp/htdocs/finbud/wp-includes/class-wp-hook.php(308): {closure}('')
#3 /opt/lampp/htdocs/finbud/wp-includes/class-wp-hook.php(332): WP_Hook->apply_filters('', Array)
#4 /opt/lampp/htdocs/finbud/wp-includes/plugin.php(517): WP_Hook->do_action(Array)
#5 /opt/lampp/htdocs/finbud/wp-settings.php(623): do_action('init')
#6 /opt/lampp/htdocs/finbud/wp-config.php(96): require_once('/opt/lampp/htdo...')
#7 /opt/lampp/htdocs/finbud/wp-load.php(50): require_once('/opt/lampp/htdo...')
#8 /opt/lampp/htdocs/finbud/wp-admin/admin-ajax.php(22): require_once('/opt/lampp/htdo...')
#9 {main}
  thrown in /opt/lampp/htdocs/finbud/wp-content/plugins/sitepress-multilingual-cms/addons/wpml-page-builders/classes/App.php on line 26

2023-06-30T06:54:15+00:00 CRITICAL Uncaught Error: Class 'WPML_ST_Settings' not found in /opt/lampp/htdocs/finbud/wp-content/plugins/sitepress-multilingual-cms/addons/wpml-page-builders/classes/App.php:26
Stack trace:
#0 /opt/lampp/htdocs/finbud/wp-content/plugins/sitepress-multilingual-cms/addons/wpml-page-builders/app.php(25): WPML\PB\App::run()
#1 /opt/lampp/htdocs/finbud/wp-content/plugins/sitepress-multilingual-cms/addons/wpml-page-builders/loader.php(32): require_once('/opt/lampp/htdo...')
#2 /opt/lampp/htdocs/finbud/wp-includes/class-wp-hook.php(308): {closure}('')
#3 /opt/lampp/htdocs/finbud/wp-includes/class-wp-hook.php(332): WP_Hook->apply_filters('', Array)
#4 /opt/lampp/htdocs/finbud/wp-includes/plugin.php(517): WP_Hook->do_action(Array)
#5 /opt/lampp/htdocs/finbud/wp-settings.php(623): do_action('init')
#6 /opt/lampp/htdocs/finbud/wp-config.php(96): require_once('/opt/lampp/htdo...')
#7 /opt/lampp/htdocs/finbud/wp-load.php(50): require_once('/opt/lampp/htdo...')
#8 /opt/lampp/htdocs/finbud/wp-admin/admin.php(34): require_once('/opt/lampp/htdo...')
#9 /opt/lampp/htdocs/finbud/wp-admin/index.php(10): require_once('/opt/lampp/htdo...')
#10 {main}
  thrown in /opt/lampp/htdocs/finbud/wp-content/plugins/sitepress-multilingual-cms/addons/wpml-page-builders/classes/App.php on line 26

2023-06-30T06:54:20+00:00 CRITICAL Uncaught Error: Class 'WPML_ST_Settings' not found in /opt/lampp/htdocs/finbud/wp-content/plugins/sitepress-multilingual-cms/addons/wpml-page-builders/classes/App.php:26
Stack trace:
#0 /opt/lampp/htdocs/finbud/wp-content/plugins/sitepress-multilingual-cms/addons/wpml-page-builders/app.php(25): WPML\PB\App::run()
#1 /opt/lampp/htdocs/finbud/wp-content/plugins/sitepress-multilingual-cms/addons/wpml-page-builders/loader.php(32): require_once('/opt/lampp/htdo...')
#2 /opt/lampp/htdocs/finbud/wp-includes/class-wp-hook.php(308): {closure}('')
#3 /opt/lampp/htdocs/finbud/wp-includes/class-wp-hook.php(332): WP_Hook->apply_filters('', Array)
#4 /opt/lampp/htdocs/finbud/wp-includes/plugin.php(517): WP_Hook->do_action(Array)
#5 /opt/lampp/htdocs/finbud/wp-settings.php(623): do_action('init')
#6 /opt/lampp/htdocs/finbud/wp-config.php(96): require_once('/opt/lampp/htdo...')
#7 /opt/lampp/htdocs/finbud/wp-load.php(50): require_once('/opt/lampp/htdo...')
#8 /opt/lampp/htdocs/finbud/wp-admin/admin.php(34): require_once('/opt/lampp/htdo...')
#9 /opt/lampp/htdocs/finbud/wp-admin/post.php(12): require_once('/opt/lampp/htdo...')
#10 {main}
  thrown in /opt/lampp/htdocs/finbud/wp-content/plugins/sitepress-multilingual-cms/addons/wpml-page-builders/classes/App.php on line 26

