2024-04-02T05:39:37+00:00 ERROR Authentication failed
2024-04-02T05:55:33+00:00 ERROR Authentication failed
2024-04-02T05:56:28+00:00 ERROR Authentication failed
2024-04-02T07:08:05+00:00 ERROR Authentication failed
2024-04-02T07:08:15+00:00 ERROR Authentication failed
2024-04-02T07:08:16+00:00 ERROR Authentication failed
2024-04-02T07:08:19+00:00 ERROR Authentication failed
2024-04-02T07:08:40+00:00 ERROR Authentication failed
2024-04-02T07:08:44+00:00 ERROR Authentication failed
2024-04-02T07:32:50+00:00 ERROR Authentication failed
2024-04-02T07:33:05+00:00 ERROR Authentication failed
2024-04-02T07:33:07+00:00 ERROR Authentication failed
2024-04-02T07:33:16+00:00 INFO Trying to create one_cc_address_sync_cron
2024-04-02T07:33:16+00:00 INFO Failed to create one_cc_address_sync_cron as invalid one cc merchant
2024-04-02T07:33:16+00:00 INFO Attempting to delete one_cc_address_sync_cron, status: cancelled, message: invalid_1cc_merchant
2024-04-02T07:33:16+00:00 INFO Deleted one_cc_address_sync_cron  if exists
2024-04-02T07:33:16+00:00 INFO updateAddressSyncCronData: status=cancelled, message=invalid_1cc_merchant, cronStatus=deleted
2024-04-02T07:33:16+00:00 INFO create one_cc_plugin_sync_cron successful
2024-04-02T07:33:22+00:00 ERROR Authentication failed
2024-04-02T07:33:33+00:00 ERROR Authentication failed
2024-04-02T07:33:33+00:00 ERROR Authentication failed
2024-04-02T07:33:38+00:00 INFO Trying to create one_cc_address_sync_cron
2024-04-02T07:33:38+00:00 INFO Failed to create one_cc_address_sync_cron as invalid one cc merchant
2024-04-02T07:33:38+00:00 INFO Attempting to delete one_cc_address_sync_cron, status: cancelled, message: invalid_1cc_merchant
2024-04-02T07:33:38+00:00 INFO Deleted one_cc_address_sync_cron  if exists
2024-04-02T07:33:38+00:00 INFO updateAddressSyncCronData: status=cancelled, message=invalid_1cc_merchant, cronStatus=deleted
2024-04-02T07:33:38+00:00 INFO create one_cc_plugin_sync_cron successful
2024-04-02T07:33:51+00:00 ERROR Authentication failed
2024-04-02T07:33:58+00:00 ERROR Authentication failed
2024-04-02T07:34:05+00:00 ERROR Authentication failed
2024-04-02T07:34:06+00:00 ERROR Authentication failed
2024-04-02T07:34:12+00:00 INFO Trying to create one_cc_address_sync_cron
2024-04-02T07:34:12+00:00 INFO Failed to create one_cc_address_sync_cron as invalid one cc merchant
2024-04-02T07:34:12+00:00 INFO Attempting to delete one_cc_address_sync_cron, status: cancelled, message: invalid_1cc_merchant
2024-04-02T07:34:12+00:00 INFO Deleted one_cc_address_sync_cron  if exists
2024-04-02T07:34:12+00:00 INFO updateAddressSyncCronData: status=cancelled, message=invalid_1cc_merchant, cronStatus=deleted
2024-04-02T07:34:12+00:00 INFO create one_cc_plugin_sync_cron successful
2024-04-02T07:34:26+00:00 ERROR Authentication failed
2024-04-02T07:34:28+00:00 ERROR Authentication failed
2024-04-02T07:34:40+00:00 ERROR Authentication failed
2024-04-02T07:35:25+00:00 INFO Trying to create one_cc_address_sync_cron
2024-04-02T07:35:25+00:00 INFO Failed to create one_cc_address_sync_cron as invalid one cc merchant
2024-04-02T07:35:25+00:00 INFO Attempting to delete one_cc_address_sync_cron, status: cancelled, message: invalid_1cc_merchant
2024-04-02T07:35:25+00:00 INFO Deleted one_cc_address_sync_cron  if exists
2024-04-02T07:35:25+00:00 INFO updateAddressSyncCronData: status=cancelled, message=invalid_1cc_merchant, cronStatus=deleted
2024-04-02T07:35:25+00:00 INFO create one_cc_plugin_sync_cron successful
2024-04-02T07:35:44+00:00 ERROR Authentication failed
2024-04-02T07:42:21+00:00 ERROR Authentication failed
2024-04-02T07:42:35+00:00 ERROR Authentication failed
2024-04-02T07:42:49+00:00 ERROR Authentication failed
2024-04-02T07:43:02+00:00 ERROR Authentication failed
2024-04-02T07:43:07+00:00 ERROR Authentication failed
2024-04-02T07:43:36+00:00 ERROR Authentication failed
2024-04-02T07:44:05+00:00 ERROR Authentication failed
2024-04-02T07:44:43+00:00 ERROR Authentication failed
2024-04-02T09:34:42+00:00 ERROR Authentication failed
2024-04-02T09:35:28+00:00 ERROR Authentication failed
2024-04-02T09:38:08+00:00 ERROR Authentication failed
2024-04-02T10:02:43+00:00 ERROR Authentication failed
