2023-07-13T10:10:35+00:00 INFO Trying to create one_cc_address_sync_cron
2023-07-13T10:10:35+00:00 INFO Failed to create one_cc_address_sync_cron as invalid one cc merchant
2023-07-13T10:10:35+00:00 INFO Attempting to delete one_cc_address_sync_cron, status: cancelled, message: invalid_1cc_merchant
2023-07-13T10:10:35+00:00 INFO Deleted one_cc_address_sync_cron  if exists
2023-07-13T10:10:35+00:00 INFO updateAddressSyncCronData: status=cancelled, message=invalid_1cc_merchant, cronStatus=deleted
2023-07-13T10:10:37+00:00 ERROR Authentication failed
2023-07-13T10:10:38+00:00 INFO Trying to create one_cc_address_sync_cron
2023-07-13T10:10:38+00:00 INFO Failed to create one_cc_address_sync_cron as invalid one cc merchant
2023-07-13T10:10:38+00:00 INFO Attempting to delete one_cc_address_sync_cron, status: cancelled, message: invalid_1cc_merchant
2023-07-13T10:10:38+00:00 INFO Deleted one_cc_address_sync_cron  if exists
2023-07-13T10:10:38+00:00 INFO updateAddressSyncCronData: status=cancelled, message=invalid_1cc_merchant, cronStatus=deleted
2023-07-13T10:11:01+00:00 ERROR Authentication failed
2023-07-13T10:11:15+00:00 ERROR Authentication failed
2023-07-13T10:16:40+00:00 ERROR Authentication failed
2023-07-13T10:18:20+00:00 ERROR Authentication failed
2023-07-13T10:22:23+00:00 ERROR Authentication failed
2023-07-13T10:24:25+00:00 ERROR Authentication failed
2023-07-13T10:24:32+00:00 ERROR Authentication failed
2023-07-13T10:24:36+00:00 ERROR Authentication failed
2023-07-13T10:24:40+00:00 ERROR Authentication failed
2023-07-13T10:24:54+00:00 ERROR Authentication failed
