2023-07-11T10:22:45+00:00 INFO Trying to create one_cc_address_sync_cron
2023-07-11T10:22:45+00:00 INFO Failed to create one_cc_address_sync_cron as invalid one cc merchant
2023-07-11T10:22:45+00:00 INFO Attempting to delete one_cc_address_sync_cron, status: cancelled, message: invalid_1cc_merchant
2023-07-11T10:22:45+00:00 INFO Deleted one_cc_address_sync_cron  if exists
2023-07-11T10:22:45+00:00 INFO updateAddressSyncCronData: status=cancelled, message=invalid_1cc_merchant, cronStatus=deleted
2023-07-11T10:22:47+00:00 INFO Trying to create one_cc_address_sync_cron
2023-07-11T10:22:47+00:00 INFO Failed to create one_cc_address_sync_cron as invalid one cc merchant
2023-07-11T10:22:47+00:00 INFO Attempting to delete one_cc_address_sync_cron, status: cancelled, message: invalid_1cc_merchant
2023-07-11T10:22:47+00:00 INFO Deleted one_cc_address_sync_cron  if exists
2023-07-11T10:22:47+00:00 INFO updateAddressSyncCronData: status=cancelled, message=invalid_1cc_merchant, cronStatus=deleted
2023-07-11T10:22:49+00:00 INFO Trying to create one_cc_address_sync_cron
2023-07-11T10:22:49+00:00 INFO Failed to create one_cc_address_sync_cron as invalid one cc merchant
2023-07-11T10:22:49+00:00 INFO Attempting to delete one_cc_address_sync_cron, status: cancelled, message: invalid_1cc_merchant
2023-07-11T10:22:49+00:00 INFO Deleted one_cc_address_sync_cron  if exists
2023-07-11T10:22:49+00:00 INFO updateAddressSyncCronData: status=cancelled, message=invalid_1cc_merchant, cronStatus=deleted
2023-07-11T10:22:52+00:00 INFO Trying to create one_cc_address_sync_cron
2023-07-11T10:22:52+00:00 INFO Failed to create one_cc_address_sync_cron as invalid one cc merchant
2023-07-11T10:22:52+00:00 INFO Attempting to delete one_cc_address_sync_cron, status: cancelled, message: invalid_1cc_merchant
2023-07-11T10:22:52+00:00 INFO Deleted one_cc_address_sync_cron  if exists
2023-07-11T10:22:52+00:00 INFO updateAddressSyncCronData: status=cancelled, message=invalid_1cc_merchant, cronStatus=deleted
2023-07-11T10:22:54+00:00 INFO Trying to create one_cc_address_sync_cron
2023-07-11T10:22:54+00:00 INFO Failed to create one_cc_address_sync_cron as invalid one cc merchant
2023-07-11T10:22:54+00:00 INFO Attempting to delete one_cc_address_sync_cron, status: cancelled, message: invalid_1cc_merchant
2023-07-11T10:22:54+00:00 INFO Deleted one_cc_address_sync_cron  if exists
2023-07-11T10:22:54+00:00 INFO updateAddressSyncCronData: status=cancelled, message=invalid_1cc_merchant, cronStatus=deleted
2023-07-11T10:22:56+00:00 INFO Trying to create one_cc_address_sync_cron
2023-07-11T10:22:56+00:00 INFO Failed to create one_cc_address_sync_cron as invalid one cc merchant
2023-07-11T10:22:56+00:00 INFO Attempting to delete one_cc_address_sync_cron, status: cancelled, message: invalid_1cc_merchant
2023-07-11T10:22:56+00:00 INFO Deleted one_cc_address_sync_cron  if exists
2023-07-11T10:22:56+00:00 INFO updateAddressSyncCronData: status=cancelled, message=invalid_1cc_merchant, cronStatus=deleted
2023-07-11T10:22:58+00:00 INFO Trying to create one_cc_address_sync_cron
2023-07-11T10:22:58+00:00 INFO Failed to create one_cc_address_sync_cron as invalid one cc merchant
2023-07-11T10:22:58+00:00 INFO Attempting to delete one_cc_address_sync_cron, status: cancelled, message: invalid_1cc_merchant
2023-07-11T10:22:58+00:00 INFO Deleted one_cc_address_sync_cron  if exists
2023-07-11T10:22:58+00:00 INFO updateAddressSyncCronData: status=cancelled, message=invalid_1cc_merchant, cronStatus=deleted
2023-07-11T10:23:01+00:00 INFO Trying to create one_cc_address_sync_cron
2023-07-11T10:23:01+00:00 INFO Failed to create one_cc_address_sync_cron as invalid one cc merchant
2023-07-11T10:23:01+00:00 INFO Attempting to delete one_cc_address_sync_cron, status: cancelled, message: invalid_1cc_merchant
2023-07-11T10:23:01+00:00 INFO Deleted one_cc_address_sync_cron  if exists
2023-07-11T10:23:01+00:00 INFO updateAddressSyncCronData: status=cancelled, message=invalid_1cc_merchant, cronStatus=deleted
2023-07-11T10:23:04+00:00 INFO Trying to create one_cc_address_sync_cron
2023-07-11T10:23:04+00:00 INFO Failed to create one_cc_address_sync_cron as invalid one cc merchant
2023-07-11T10:23:04+00:00 INFO Attempting to delete one_cc_address_sync_cron, status: cancelled, message: invalid_1cc_merchant
2023-07-11T10:23:04+00:00 INFO Deleted one_cc_address_sync_cron  if exists
2023-07-11T10:23:04+00:00 INFO updateAddressSyncCronData: status=cancelled, message=invalid_1cc_merchant, cronStatus=deleted
2023-07-11T10:23:06+00:00 INFO Trying to create one_cc_address_sync_cron
2023-07-11T10:23:06+00:00 INFO Failed to create one_cc_address_sync_cron as invalid one cc merchant
2023-07-11T10:23:06+00:00 INFO Attempting to delete one_cc_address_sync_cron, status: cancelled, message: invalid_1cc_merchant
2023-07-11T10:23:06+00:00 INFO Deleted one_cc_address_sync_cron  if exists
2023-07-11T10:23:06+00:00 INFO updateAddressSyncCronData: status=cancelled, message=invalid_1cc_merchant, cronStatus=deleted
2023-07-11T10:23:09+00:00 INFO Trying to create one_cc_address_sync_cron
2023-07-11T10:23:09+00:00 INFO Failed to create one_cc_address_sync_cron as invalid one cc merchant
2023-07-11T10:23:09+00:00 INFO Attempting to delete one_cc_address_sync_cron, status: cancelled, message: invalid_1cc_merchant
2023-07-11T10:23:09+00:00 INFO Deleted one_cc_address_sync_cron  if exists
2023-07-11T10:23:09+00:00 INFO updateAddressSyncCronData: status=cancelled, message=invalid_1cc_merchant, cronStatus=deleted
2023-07-11T10:23:11+00:00 INFO Trying to create one_cc_address_sync_cron
2023-07-11T10:23:11+00:00 INFO Failed to create one_cc_address_sync_cron as invalid one cc merchant
2023-07-11T10:23:11+00:00 INFO Attempting to delete one_cc_address_sync_cron, status: cancelled, message: invalid_1cc_merchant
2023-07-11T10:23:11+00:00 INFO Deleted one_cc_address_sync_cron  if exists
2023-07-11T10:23:11+00:00 INFO updateAddressSyncCronData: status=cancelled, message=invalid_1cc_merchant, cronStatus=deleted
2023-07-11T10:23:13+00:00 INFO Trying to create one_cc_address_sync_cron
2023-07-11T10:23:13+00:00 INFO Failed to create one_cc_address_sync_cron as invalid one cc merchant
2023-07-11T10:23:13+00:00 INFO Attempting to delete one_cc_address_sync_cron, status: cancelled, message: invalid_1cc_merchant
2023-07-11T10:23:13+00:00 INFO Deleted one_cc_address_sync_cron  if exists
2023-07-11T10:23:13+00:00 INFO updateAddressSyncCronData: status=cancelled, message=invalid_1cc_merchant, cronStatus=deleted
2023-07-11T10:23:17+00:00 INFO Trying to create one_cc_address_sync_cron
2023-07-11T10:23:17+00:00 INFO Failed to create one_cc_address_sync_cron as invalid one cc merchant
2023-07-11T10:23:17+00:00 INFO Attempting to delete one_cc_address_sync_cron, status: cancelled, message: invalid_1cc_merchant
2023-07-11T10:23:17+00:00 INFO Deleted one_cc_address_sync_cron  if exists
2023-07-11T10:23:17+00:00 INFO updateAddressSyncCronData: status=cancelled, message=invalid_1cc_merchant, cronStatus=deleted
2023-07-11T10:23:19+00:00 INFO Trying to create one_cc_address_sync_cron
2023-07-11T10:23:19+00:00 INFO Failed to create one_cc_address_sync_cron as invalid one cc merchant
2023-07-11T10:23:19+00:00 INFO Attempting to delete one_cc_address_sync_cron, status: cancelled, message: invalid_1cc_merchant
2023-07-11T10:23:19+00:00 INFO Deleted one_cc_address_sync_cron  if exists
2023-07-11T10:23:19+00:00 INFO updateAddressSyncCronData: status=cancelled, message=invalid_1cc_merchant, cronStatus=deleted
2023-07-11T10:23:21+00:00 INFO Trying to create one_cc_address_sync_cron
2023-07-11T10:23:21+00:00 INFO Failed to create one_cc_address_sync_cron as invalid one cc merchant
2023-07-11T10:23:21+00:00 INFO Attempting to delete one_cc_address_sync_cron, status: cancelled, message: invalid_1cc_merchant
2023-07-11T10:23:21+00:00 INFO Deleted one_cc_address_sync_cron  if exists
2023-07-11T10:23:21+00:00 INFO updateAddressSyncCronData: status=cancelled, message=invalid_1cc_merchant, cronStatus=deleted
2023-07-11T10:23:23+00:00 INFO Trying to create one_cc_address_sync_cron
2023-07-11T10:23:23+00:00 INFO Failed to create one_cc_address_sync_cron as invalid one cc merchant
2023-07-11T10:23:23+00:00 INFO Attempting to delete one_cc_address_sync_cron, status: cancelled, message: invalid_1cc_merchant
2023-07-11T10:23:23+00:00 INFO Deleted one_cc_address_sync_cron  if exists
2023-07-11T10:23:23+00:00 INFO updateAddressSyncCronData: status=cancelled, message=invalid_1cc_merchant, cronStatus=deleted
2023-07-11T10:23:25+00:00 INFO Trying to create one_cc_address_sync_cron
2023-07-11T10:23:25+00:00 INFO Failed to create one_cc_address_sync_cron as invalid one cc merchant
2023-07-11T10:23:25+00:00 INFO Attempting to delete one_cc_address_sync_cron, status: cancelled, message: invalid_1cc_merchant
2023-07-11T10:23:25+00:00 INFO Deleted one_cc_address_sync_cron  if exists
2023-07-11T10:23:25+00:00 INFO updateAddressSyncCronData: status=cancelled, message=invalid_1cc_merchant, cronStatus=deleted
2023-07-11T10:23:27+00:00 INFO Trying to create one_cc_address_sync_cron
2023-07-11T10:23:27+00:00 INFO Failed to create one_cc_address_sync_cron as invalid one cc merchant
2023-07-11T10:23:27+00:00 INFO Attempting to delete one_cc_address_sync_cron, status: cancelled, message: invalid_1cc_merchant
2023-07-11T10:23:27+00:00 INFO Deleted one_cc_address_sync_cron  if exists
2023-07-11T10:23:27+00:00 INFO updateAddressSyncCronData: status=cancelled, message=invalid_1cc_merchant, cronStatus=deleted
2023-07-11T10:23:29+00:00 INFO Trying to create one_cc_address_sync_cron
2023-07-11T10:23:29+00:00 INFO Failed to create one_cc_address_sync_cron as invalid one cc merchant
2023-07-11T10:23:29+00:00 INFO Attempting to delete one_cc_address_sync_cron, status: cancelled, message: invalid_1cc_merchant
2023-07-11T10:23:29+00:00 INFO Deleted one_cc_address_sync_cron  if exists
2023-07-11T10:23:29+00:00 INFO updateAddressSyncCronData: status=cancelled, message=invalid_1cc_merchant, cronStatus=deleted
