2024-03-04T05:44:55+00:00 ERROR Authentication failed
2024-03-04T05:44:59+00:00 ERROR Authentication failed
2024-03-04T05:45:15+00:00 ERROR Authentication failed
2024-03-04T05:54:40+00:00 ERROR Authentication failed
2024-03-04T05:54:54+00:00 ERROR Authentication failed
2024-03-04T05:54:54+00:00 INFO Trying to create one_cc_address_sync_cron
2024-03-04T05:54:54+00:00 INFO Failed to create one_cc_address_sync_cron as invalid one cc merchant
2024-03-04T05:54:54+00:00 INFO Attempting to delete one_cc_address_sync_cron, status: cancelled, message: invalid_1cc_merchant
2024-03-04T05:54:54+00:00 INFO Deleted one_cc_address_sync_cron  if exists
2024-03-04T05:54:54+00:00 INFO updateAddressSyncCronData: status=cancelled, message=invalid_1cc_merchant, cronStatus=deleted
2024-03-04T05:54:54+00:00 INFO create one_cc_plugin_sync_cron successful
2024-03-04T05:54:56+00:00 ERROR Authentication failed
2024-03-04T05:55:01+00:00 ERROR Authentication failed
2024-03-04T05:56:11+00:00 ERROR Authentication failed
2024-03-04T06:43:02+00:00 ERROR Authentication failed
2024-03-04T06:43:03+00:00 ERROR Authentication failed
2024-03-04T07:00:51+00:00 INFO Trying to create one_cc_address_sync_cron
2024-03-04T07:00:51+00:00 INFO Failed to create one_cc_address_sync_cron as invalid one cc merchant
2024-03-04T07:00:51+00:00 INFO Attempting to delete one_cc_address_sync_cron, status: cancelled, message: invalid_1cc_merchant
2024-03-04T07:00:51+00:00 INFO Deleted one_cc_address_sync_cron  if exists
2024-03-04T07:00:51+00:00 INFO updateAddressSyncCronData: status=cancelled, message=invalid_1cc_merchant, cronStatus=deleted
2024-03-04T07:00:51+00:00 INFO create one_cc_plugin_sync_cron successful
2024-03-04T07:01:03+00:00 ERROR Authentication failed
2024-03-04T07:03:38+00:00 ERROR Authentication failed
2024-03-04T07:04:20+00:00 ERROR Authentication failed
2024-03-04T07:04:44+00:00 ERROR Authentication failed
2024-03-04T07:05:37+00:00 ERROR Authentication failed
2024-03-04T07:06:25+00:00 ERROR Authentication failed
2024-03-04T07:06:35+00:00 ERROR Authentication failed
2024-03-04T07:07:10+00:00 ERROR Authentication failed
2024-03-04T07:12:06+00:00 ERROR Authentication failed
2024-03-04T07:12:58+00:00 ERROR Authentication failed
2024-03-04T07:13:08+00:00 ERROR Authentication failed
2024-03-04T07:13:09+00:00 ERROR Authentication failed
2024-03-04T07:13:13+00:00 ERROR Authentication failed
2024-03-04T07:14:54+00:00 ERROR Authentication failed
2024-03-04T07:15:01+00:00 ERROR Authentication failed
2024-03-04T07:15:02+00:00 ERROR Authentication failed
2024-03-04T07:15:07+00:00 ERROR Authentication failed
2024-03-04T07:15:27+00:00 ERROR Authentication failed
2024-03-04T07:15:36+00:00 ERROR Authentication failed
2024-03-04T07:15:51+00:00 ERROR Authentication failed
2024-03-04T07:16:07+00:00 ERROR Authentication failed
2024-03-04T07:16:36+00:00 ERROR Authentication failed
2024-03-04T07:16:37+00:00 ERROR Authentication failed
2024-03-04T07:16:52+00:00 ERROR Authentication failed
2024-03-04T07:17:24+00:00 ERROR Authentication failed
2024-03-04T07:17:26+00:00 ERROR Authentication failed
2024-03-04T07:17:26+00:00 ERROR Authentication failed
2024-03-04T07:17:29+00:00 ERROR Authentication failed
2024-03-04T07:25:16+00:00 ERROR Authentication failed
2024-03-04T07:25:17+00:00 ERROR Authentication failed
2024-03-04T07:25:20+00:00 ERROR Authentication failed
2024-03-04T07:38:16+00:00 ERROR Authentication failed
2024-03-04T07:38:19+00:00 ERROR Authentication failed
2024-03-04T07:38:21+00:00 ERROR Authentication failed
2024-03-04T07:59:48+00:00 ERROR Authentication failed
2024-03-04T07:59:51+00:00 ERROR Authentication failed
2024-03-04T08:04:12+00:00 ERROR Authentication failed
2024-03-04T08:04:14+00:00 ERROR Authentication failed
2024-03-04T09:05:33+00:00 ERROR Authentication failed
2024-03-04T09:05:37+00:00 ERROR Authentication failed
2024-03-04T11:09:47+00:00 ERROR Authentication failed
2024-03-04T11:17:41+00:00 ERROR Authentication failed
2024-03-04T11:17:57+00:00 ERROR Authentication failed
2024-03-04T11:18:05+00:00 ERROR Authentication failed
2024-03-04T11:38:32+00:00 ERROR Authentication failed
2024-03-04T11:38:37+00:00 ERROR Authentication failed
2024-03-04T11:55:29+00:00 ERROR Authentication failed
2024-03-04T11:55:37+00:00 ERROR Authentication failed
2024-03-04T12:13:47+00:00 ERROR Authentication failed
2024-03-04T12:20:39+00:00 ERROR Authentication failed
2024-03-04T12:20:44+00:00 ERROR Authentication failed
2024-03-04T12:20:51+00:00 ERROR Authentication failed
2024-03-04T12:21:13+00:00 ERROR Authentication failed
2024-03-04T12:21:21+00:00 ERROR Authentication failed
2024-03-04T12:21:24+00:00 ERROR Authentication failed
2024-03-04T12:21:33+00:00 ERROR Authentication failed
2024-03-04T12:22:01+00:00 ERROR Authentication failed
2024-03-04T12:50:54+00:00 ERROR Authentication failed
2024-03-04T12:50:58+00:00 ERROR Authentication failed
2024-03-04T12:51:02+00:00 ERROR Authentication failed
2024-03-04T12:51:33+00:00 ERROR Authentication failed
2024-03-04T12:51:36+00:00 ERROR Authentication failed
2024-03-04T13:39:04+00:00 ERROR Authentication failed
2024-03-04T13:39:10+00:00 ERROR Authentication failed
2024-03-04T13:39:20+00:00 ERROR Authentication failed
2024-03-04T13:40:22+00:00 ERROR Authentication failed
2024-03-04T13:40:24+00:00 ERROR Authentication failed
2024-03-04T13:40:41+00:00 ERROR Authentication failed
2024-03-04T13:41:25+00:00 ERROR Authentication failed
2024-03-04T13:41:36+00:00 ERROR Authentication failed
2024-03-04T13:42:02+00:00 ERROR Authentication failed
2024-03-04T13:42:04+00:00 ERROR Authentication failed
2024-03-04T13:42:05+00:00 ERROR Authentication failed
2024-03-04T13:43:07+00:00 ERROR Authentication failed
