2023-06-30T06:42:38+00:00 ERROR Authentication failed
2023-06-30T06:42:44+00:00 ERROR Authentication failed
2023-06-30T06:44:19+00:00 ERROR Authentication failed
2023-06-30T06:44:25+00:00 ERROR Authentication failed
2023-06-30T06:44:34+00:00 ERROR Authentication failed
2023-06-30T06:44:35+00:00 INFO Trying to create one_cc_address_sync_cron
2023-06-30T06:44:35+00:00 INFO Failed to create one_cc_address_sync_cron as invalid one cc merchant
2023-06-30T06:44:35+00:00 INFO Attempting to delete one_cc_address_sync_cron, status: cancelled, message: invalid_1cc_merchant
2023-06-30T06:44:35+00:00 INFO Deleted one_cc_address_sync_cron  if exists
2023-06-30T06:44:35+00:00 INFO updateAddressSyncCronData: status=cancelled, message=invalid_1cc_merchant, cronStatus=deleted
2023-06-30T06:44:42+00:00 ERROR Authentication failed
2023-06-30T06:44:45+00:00 INFO Trying to create one_cc_address_sync_cron
2023-06-30T06:44:45+00:00 INFO Failed to create one_cc_address_sync_cron as invalid one cc merchant
2023-06-30T06:44:45+00:00 INFO Attempting to delete one_cc_address_sync_cron, status: cancelled, message: invalid_1cc_merchant
2023-06-30T06:44:45+00:00 INFO Deleted one_cc_address_sync_cron  if exists
2023-06-30T06:44:45+00:00 INFO updateAddressSyncCronData: status=cancelled, message=invalid_1cc_merchant, cronStatus=deleted
2023-06-30T06:44:54+00:00 ERROR Authentication failed
2023-06-30T06:45:56+00:00 INFO Trying to create one_cc_address_sync_cron
2023-06-30T06:45:56+00:00 INFO Failed to create one_cc_address_sync_cron as invalid one cc merchant
2023-06-30T06:45:56+00:00 INFO Attempting to delete one_cc_address_sync_cron, status: cancelled, message: invalid_1cc_merchant
2023-06-30T06:45:56+00:00 INFO Deleted one_cc_address_sync_cron  if exists
2023-06-30T06:45:56+00:00 INFO updateAddressSyncCronData: status=cancelled, message=invalid_1cc_merchant, cronStatus=deleted
2023-06-30T06:46:07+00:00 INFO Trying to create one_cc_address_sync_cron
2023-06-30T06:46:07+00:00 INFO Failed to create one_cc_address_sync_cron as invalid one cc merchant
2023-06-30T06:46:07+00:00 INFO Attempting to delete one_cc_address_sync_cron, status: cancelled, message: invalid_1cc_merchant
2023-06-30T06:46:07+00:00 INFO Deleted one_cc_address_sync_cron  if exists
2023-06-30T06:46:07+00:00 INFO updateAddressSyncCronData: status=cancelled, message=invalid_1cc_merchant, cronStatus=deleted
2023-06-30T06:47:10+00:00 INFO Trying to create one_cc_address_sync_cron
2023-06-30T06:47:10+00:00 INFO Failed to create one_cc_address_sync_cron as invalid one cc merchant
2023-06-30T06:47:10+00:00 INFO Attempting to delete one_cc_address_sync_cron, status: cancelled, message: invalid_1cc_merchant
2023-06-30T06:47:10+00:00 INFO Deleted one_cc_address_sync_cron  if exists
2023-06-30T06:47:10+00:00 INFO updateAddressSyncCronData: status=cancelled, message=invalid_1cc_merchant, cronStatus=deleted
2023-06-30T06:55:13+00:00 ERROR Authentication failed
2023-06-30T06:55:22+00:00 ERROR Authentication failed
2023-06-30T06:55:40+00:00 ERROR Authentication failed
2023-06-30T06:56:24+00:00 ERROR Authentication failed
2023-06-30T06:56:41+00:00 ERROR Authentication failed
2023-06-30T06:56:44+00:00 ERROR Authentication failed
2023-06-30T06:56:45+00:00 ERROR Authentication failed
