2024-07-30T06:15:52+00:00 ERROR Authentication failed
2024-07-30T09:11:58+00:00 ERROR Authentication failed
2024-07-30T09:13:05+00:00 ERROR Authentication failed
2024-07-30T09:13:42+00:00 INFO Trying to create one_cc_address_sync_cron
2024-07-30T09:13:42+00:00 INFO Failed to create one_cc_address_sync_cron as invalid one cc merchant
2024-07-30T09:13:42+00:00 INFO Attempting to delete one_cc_address_sync_cron, status: cancelled, message: invalid_1cc_merchant
2024-07-30T09:13:42+00:00 INFO Deleted one_cc_address_sync_cron  if exists
2024-07-30T09:13:42+00:00 INFO updateAddressSyncCronData: status=cancelled, message=invalid_1cc_merchant, cronStatus=deleted
2024-07-30T09:13:42+00:00 INFO create one_cc_plugin_sync_cron successful
2024-07-30T09:13:51+00:00 ERROR Authentication failed
2024-07-30T09:14:04+00:00 ERROR Authentication failed
2024-07-30T12:26:26+00:00 ERROR Authentication failed
2024-07-30T12:26:28+00:00 ERROR Authentication failed
2024-07-30T12:37:36+00:00 ERROR Authentication failed
2024-07-30T12:39:57+00:00 ERROR Authentication failed
2024-07-30T12:40:58+00:00 ERROR Authentication failed
2024-07-30T12:41:02+00:00 INFO Trying to create one_cc_address_sync_cron
2024-07-30T12:41:02+00:00 INFO Failed to create one_cc_address_sync_cron as invalid one cc merchant
2024-07-30T12:41:02+00:00 INFO Attempting to delete one_cc_address_sync_cron, status: cancelled, message: invalid_1cc_merchant
2024-07-30T12:41:02+00:00 INFO Deleted one_cc_address_sync_cron  if exists
2024-07-30T12:41:02+00:00 INFO updateAddressSyncCronData: status=cancelled, message=invalid_1cc_merchant, cronStatus=deleted
2024-07-30T12:41:02+00:00 INFO create one_cc_plugin_sync_cron successful
2024-07-30T12:41:27+00:00 ERROR Authentication failed
2024-07-30T12:41:32+00:00 ERROR Authentication failed
2024-07-30T12:41:33+00:00 ERROR Authentication failed
2024-07-30T12:43:00+00:00 ERROR Authentication failed
2024-07-30T12:43:09+00:00 ERROR Authentication failed
2024-07-30T12:43:53+00:00 ERROR Authentication failed
2024-07-30T12:44:16+00:00 ERROR Authentication failed
2024-07-30T12:44:19+00:00 ERROR Authentication failed
