2024-03-26T12:49:28+00:00 DEBUG POST https://api-m.sandbox.paypal.com/v1/oauth2/token?grant_type=client_credentials
Response Debug ID: 8a1505f465470
Response: Array
(
    [code] => 200
    [message] => OK
)

2024-03-26T12:49:29+00:00 DEBUG POST https://api-m.sandbox.paypal.com/v1/identity/generate-token
Request Body: {"customer_id":"fadecb-e19c6854c2066"}
Response Debug ID: 0cb7adf670d6b
Response: Array
(
    [code] => 200
    [message] => OK
)

2024-03-26T12:50:05+00:00 DEBUG POST https://api-m.sandbox.paypal.com/v1/identity/generate-token
Request Body: {"customer_id":"fadecb-e19c6854c2066"}
Response Debug ID: 8a9d79f75a6b3
Response: Array
(
    [code] => 200
    [message] => OK
)

2024-03-26T13:13:34+00:00 DEBUG POST https://api-m.sandbox.paypal.com/v1/identity/generate-token
Request Body: {"customer_id":"fadecb-77"}
Response Debug ID: b7e6ea4148d35
Response: Array
(
    [code] => 200
    [message] => OK
)

