2024-04-02T07:34:20+00:00 DEBUG POST https://api-m.sandbox.paypal.com/v1/oauth2/token?grant_type=client_credentials
Response Debug ID: 182bc4fa15a01
Response: Array
(
    [code] => 200
    [message] => OK
)

2024-04-02T07:34:22+00:00 DEBUG GET https://api-m.sandbox.paypal.com/v1/customer/partners/MPMFHQTVMBZ6G/merchant-integrations/DGP8LYFPJPAD2
Response Debug ID: 162e008133897
Response: Array
(
    [code] => 200
    [message] => OK
)

2024-04-02T07:34:23+00:00 DEBUG GET https://api-m.sandbox.paypal.com/v1/customer/partners/MPMFHQTVMBZ6G/merchant-integrations/DGP8LYFPJPAD2
Response Debug ID: de8eeb1c68cc7
Response: Array
(
    [code] => 200
    [message] => OK
)

2024-04-02T07:34:23+00:00 INFO No customers for payment tokens migration.
2024-04-02T07:34:24+00:00 DEBUG GET https://api-m.sandbox.paypal.com/v1/notifications/webhooks
Response Debug ID: a0de145d4af1f
Response: Array
(
    [code] => 200
    [message] => OK
)

2024-04-02T07:34:25+00:00 DEBUG DELETE https://api-m.sandbox.paypal.com/v1/notifications/webhooks/2KG16042L5742354Y
Response Debug ID: 0c6d42c61033b
Response: Array
(
    [code] => 204
    [message] => No Content
)

2024-04-02T07:34:25+00:00 INFO Webhooks deleted.
2024-04-02T07:34:26+00:00 DEBUG POST https://api-m.sandbox.paypal.com/v1/notifications/webhooks
Request Body: {"url":"https:\/\/192.168.0.28\/finbud\/wp-json\/paypal\/v1\/incoming","event_types":[{"name":"CHECKOUT.ORDER.APPROVED"},{"name":"CHECKOUT.ORDER.COMPLETED"},{"name":"CHECKOUT.PAYMENT-APPROVAL.REVERSED"},{"name":"PAYMENT.CAPTURE.REFUNDED"},{"name":"PAYMENT.AUTHORIZATION.VOIDED"},{"name":"PAYMENT.CAPTURE.REVERSED"},{"name":"PAYMENT.ORDER.CANCELLED"},{"name":"PAYMENT.CAPTURE.DENIED"},{"name":"PAYMENT.CAPTURE.COMPLETED"},{"name":"VAULT.PAYMENT-TOKEN.CREATED"},{"name":"VAULT.PAYMENT-TOKEN.DELETED"},{"name":"PAYMENT.CAPTURE.PENDING"},{"name":"PAYMENT.SALE.COMPLETED"},{"name":"PAYMENT.SALE.REFUNDED"},{"name":"BILLING.SUBSCRIPTION.CANCELLED"},{"name":"BILLING.PLAN.PRICING-CHANGE.ACTIVATED"},{"name":"CATALOG.PRODUCT.UPDATED"},{"name":"BILLING.PLAN.UPDATED"}]}
Response Debug ID: 82dfeaad58de1
Response: Array
(
    [code] => 201
    [message] => Created
)

2024-04-02T07:34:26+00:00 INFO Webhooks subscribed.
