2024-03-04T12:17:44+00:00 DEBUG POST https://api-m.sandbox.paypal.com/v1/oauth2/token?grant_type=client_credentials
Response Debug ID: 7f01c4941c2c0
Response: Array
(
    [code] => 200
    [message] => OK
)

2024-03-04T12:17:45+00:00 DEBUG POST https://api-m.sandbox.paypal.com/v1/identity/generate-token
Request Body: {"customer_id":"fadecb-1"}
Response Debug ID: 9644990c095dd
Response: Array
(
    [code] => 200
    [message] => OK
)

2024-03-04T12:22:18+00:00 DEBUG POST https://api-m.sandbox.paypal.com/v1/identity/generate-token
Request Body: {"customer_id":"fadecb-1"}
Response Debug ID: 2cd3fe65ed68b
Response: Array
(
    [code] => 200
    [message] => OK
)

