2024-03-07T05:38:51+00:00 DEBUG POST https://api-m.sandbox.paypal.com/v1/oauth2/token?grant_type=client_credentials
Response Debug ID: 734a71cc9c18a
Response: Array
(
    [code] => 200
    [message] => OK
)

2024-03-07T05:38:53+00:00 DEBUG POST https://api-m.sandbox.paypal.com/v1/identity/generate-token
Request Body: {"customer_id":"fadecb-1"}
Response Debug ID: 09b45a015f8fb
Response: Array
(
    [code] => 200
    [message] => OK
)

2024-03-07T06:45:06+00:00 DEBUG POST https://api-m.sandbox.paypal.com/v1/identity/generate-token
Request Body: {"customer_id":"fadecb-1"}
Response Debug ID: 6176a12697491
Response: Array
(
    [code] => 200
    [message] => OK
)

2024-03-07T07:22:19+00:00 DEBUG POST https://api-m.sandbox.paypal.com/v1/identity/generate-token
Request Body: {"customer_id":"fadecb-1"}
Response Debug ID: ba4165f2f99b4
Response: Array
(
    [code] => 200
    [message] => OK
)

